<?xml version="1.0" encoding="UTF-8"?>
<testng-results skipped="6" failed="0" ignored="0" total="6" passed="0">
  <reporter-output>
  </reporter-output>
  <suite name="Suite123" duration-ms="15741" started-at="2021-09-05T09:54:21 BST" finished-at="2021-09-05T09:54:37 BST">
    <groups>
    </groups>
    <test name="Test123" duration-ms="15741" started-at="2021-09-05T09:54:21 BST" finished-at="2021-09-05T09:54:37 BST">
      <class name="com.uiautomation.testcases.LoginPageTests">
        <test-method status="FAIL" signature="setup()[pri:0, instance:com.uiautomation.testcases.LoginPageTests@6acdbdf5]" name="setup" is-config="true" duration-ms="15694" started-at="2021-09-05T09:54:21 BST" finished-at="2021-09-05T09:54:37 BST">
          <exception class="org.openqa.selenium.SessionNotCreatedException">
            <message>
              <![CDATA[session not created: This version of ChromeDriver only supports Chrome version 83
Build info: version: '3.141.59', revision: 'e82be7d358', time: '2018-11-14T08:17:03'
System info: host: 'LAPTOP-P7ODROTG', ip: '192.168.1.85', os.name: 'Windows 10', os.arch: 'amd64', os.version: '10.0', java.version: '1.8.0_231'
Driver info: driver.version: ChromeDriver
remote stacktrace: Backtrace:
Ordinal0 [0x01139563+2725219]
Ordinal0 [0x01038551+1672529]
Ordinal0 [0x00F20359+525145]
Ordinal0 [0x00EB0B77+68471]
Ordinal0 [0x00EAD32C+54060]
Ordinal0 [0x00ECCC37+183351]
Ordinal0 [0x00ECCA3D+182845]
Ordinal0 [0x00ECA94B+174411]
Ordinal0 [0x00EB2528+75048]
Ordinal0 [0x00EB35A0+79264]
Ordinal0 [0x00EB3539+79161]
Ordinal0 [0x0104D607+1758727]
GetHandleVerifier [0x01256546+1050150]
GetHandleVerifier [0x01256291+1049457]
GetHandleVerifier [0x012610D7+1094071]
GetHandleVerifier [0x01256B46+1051686]
Ordinal0 [0x01045B06+1727238]
Ordinal0 [0x0104EB7B+1764219]
Ordinal0 [0x0104ECE3+1764579]
Ordinal0 [0x01064C05+1854469]
BaseThreadInitThunk [0x75EA6739+25]
RtlGetFullPathName_UEx [0x776F8AFF+1215]
RtlGetFullPathName_UEx [0x776F8ACD+1165]
]]>
            </message>
            <full-stacktrace>
              <![CDATA[org.openqa.selenium.SessionNotCreatedException: session not created: This version of ChromeDriver only supports Chrome version 83
Build info: version: '3.141.59', revision: 'e82be7d358', time: '2018-11-14T08:17:03'
System info: host: 'LAPTOP-P7ODROTG', ip: '192.168.1.85', os.name: 'Windows 10', os.arch: 'amd64', os.version: '10.0', java.version: '1.8.0_231'
Driver info: driver.version: ChromeDriver
remote stacktrace: Backtrace:
Ordinal0 [0x01139563+2725219]
Ordinal0 [0x01038551+1672529]
Ordinal0 [0x00F20359+525145]
Ordinal0 [0x00EB0B77+68471]
Ordinal0 [0x00EAD32C+54060]
Ordinal0 [0x00ECCC37+183351]
Ordinal0 [0x00ECCA3D+182845]
Ordinal0 [0x00ECA94B+174411]
Ordinal0 [0x00EB2528+75048]
Ordinal0 [0x00EB35A0+79264]
Ordinal0 [0x00EB3539+79161]
Ordinal0 [0x0104D607+1758727]
GetHandleVerifier [0x01256546+1050150]
GetHandleVerifier [0x01256291+1049457]
GetHandleVerifier [0x012610D7+1094071]
GetHandleVerifier [0x01256B46+1051686]
Ordinal0 [0x01045B06+1727238]
Ordinal0 [0x0104EB7B+1764219]
Ordinal0 [0x0104ECE3+1764579]
Ordinal0 [0x01064C05+1854469]
BaseThreadInitThunk [0x75EA6739+25]
RtlGetFullPathName_UEx [0x776F8AFF+1215]
RtlGetFullPathName_UEx [0x776F8ACD+1165]

at sun.reflect.NativeConstructorAccessorImpl.newInstance0(Native Method)
at sun.reflect.NativeConstructorAccessorImpl.newInstance(NativeConstructorAccessorImpl.java:62)
at sun.reflect.DelegatingConstructorAccessorImpl.newInstance(DelegatingConstructorAccessorImpl.java:45)
at java.lang.reflect.Constructor.newInstance(Constructor.java:423)
at org.openqa.selenium.remote.W3CHandshakeResponse.lambda$errorHandler$0(W3CHandshakeResponse.java:62)
at org.openqa.selenium.remote.HandshakeResponse.lambda$getResponseFunction$0(HandshakeResponse.java:30)
at org.openqa.selenium.remote.ProtocolHandshake.lambda$createSession$0(ProtocolHandshake.java:126)
at java.util.stream.ReferencePipeline$3$1.accept(ReferencePipeline.java:193)
at java.util.Spliterators$ArraySpliterator.tryAdvance(Spliterators.java:958)
at java.util.stream.ReferencePipeline.forEachWithCancel(ReferencePipeline.java:126)
at java.util.stream.AbstractPipeline.copyIntoWithCancel(AbstractPipeline.java:499)
at java.util.stream.AbstractPipeline.copyInto(AbstractPipeline.java:486)
at java.util.stream.AbstractPipeline.wrapAndCopyInto(AbstractPipeline.java:472)
at java.util.stream.FindOps$FindOp.evaluateSequential(FindOps.java:152)
at java.util.stream.AbstractPipeline.evaluate(AbstractPipeline.java:234)
at java.util.stream.ReferencePipeline.findFirst(ReferencePipeline.java:464)
at org.openqa.selenium.remote.ProtocolHandshake.createSession(ProtocolHandshake.java:128)
at org.openqa.selenium.remote.ProtocolHandshake.createSession(ProtocolHandshake.java:74)
at org.openqa.selenium.remote.HttpCommandExecutor.execute(HttpCommandExecutor.java:136)
at org.openqa.selenium.remote.service.DriverCommandExecutor.execute(DriverCommandExecutor.java:83)
at org.openqa.selenium.remote.RemoteWebDriver.execute(RemoteWebDriver.java:552)
at org.openqa.selenium.remote.RemoteWebDriver.startSession(RemoteWebDriver.java:213)
at org.openqa.selenium.remote.RemoteWebDriver.<init>(RemoteWebDriver.java:131)
at org.openqa.selenium.chrome.ChromeDriver.<init>(ChromeDriver.java:181)
at org.openqa.selenium.chrome.ChromeDriver.<init>(ChromeDriver.java:168)
at org.openqa.selenium.chrome.ChromeDriver.<init>(ChromeDriver.java:157)
at com.uiautomation.base.BaseClass.initialization(BaseClass.java:58)
at com.uiautomation.testcases.LoginPageTests.setup(LoginPageTests.java:23)
at sun.reflect.NativeMethodAccessorImpl.invoke0(Native Method)
at sun.reflect.NativeMethodAccessorImpl.invoke(NativeMethodAccessorImpl.java:62)
at sun.reflect.DelegatingMethodAccessorImpl.invoke(DelegatingMethodAccessorImpl.java:43)
at java.lang.reflect.Method.invoke(Method.java:498)
at org.testng.internal.MethodInvocationHelper.invokeMethod(MethodInvocationHelper.java:134)
at org.testng.internal.MethodInvocationHelper.invokeMethodConsideringTimeout(MethodInvocationHelper.java:63)
at org.testng.internal.ConfigInvoker.invokeConfigurationMethod(ConfigInvoker.java:348)
at org.testng.internal.ConfigInvoker.invokeConfigurations(ConfigInvoker.java:302)
at org.testng.internal.TestInvoker.runConfigMethods(TestInvoker.java:695)
at org.testng.internal.TestInvoker.invokeMethod(TestInvoker.java:523)
at org.testng.internal.TestInvoker.invokeTestMethod(TestInvoker.java:173)
at org.testng.internal.MethodRunner.runInSequence(MethodRunner.java:46)
at org.testng.internal.TestInvoker$MethodInvocationAgent.invoke(TestInvoker.java:816)
at org.testng.internal.TestInvoker.invokeTestMethods(TestInvoker.java:146)
at org.testng.internal.TestMethodWorker.invokeTestMethods(TestMethodWorker.java:146)
at org.testng.internal.TestMethodWorker.run(TestMethodWorker.java:128)
at java.util.concurrent.ThreadPoolExecutor.runWorker(ThreadPoolExecutor.java:1149)
at java.util.concurrent.ThreadPoolExecutor$Worker.run(ThreadPoolExecutor.java:624)
at java.lang.Thread.run(Thread.java:748)
]]>
            </full-stacktrace>
          </exception> <!-- org.openqa.selenium.SessionNotCreatedException -->
          <reporter-output>
          </reporter-output>
        </test-method> <!-- setup -->
        <test-method status="SKIP" signature="logintoApp()[pri:0, instance:com.uiautomation.testcases.LoginPageTests@6acdbdf5]" name="logintoApp" duration-ms="0" started-at="2021-09-05T09:54:37 BST" finished-at="2021-09-05T09:54:37 BST">
          <exception class="org.openqa.selenium.SessionNotCreatedException">
            <message>
              <![CDATA[session not created: This version of ChromeDriver only supports Chrome version 83
Build info: version: '3.141.59', revision: 'e82be7d358', time: '2018-11-14T08:17:03'
System info: host: 'LAPTOP-P7ODROTG', ip: '192.168.1.85', os.name: 'Windows 10', os.arch: 'amd64', os.version: '10.0', java.version: '1.8.0_231'
Driver info: driver.version: ChromeDriver
remote stacktrace: Backtrace:
Ordinal0 [0x01139563+2725219]
Ordinal0 [0x01038551+1672529]
Ordinal0 [0x00F20359+525145]
Ordinal0 [0x00EB0B77+68471]
Ordinal0 [0x00EAD32C+54060]
Ordinal0 [0x00ECCC37+183351]
Ordinal0 [0x00ECCA3D+182845]
Ordinal0 [0x00ECA94B+174411]
Ordinal0 [0x00EB2528+75048]
Ordinal0 [0x00EB35A0+79264]
Ordinal0 [0x00EB3539+79161]
Ordinal0 [0x0104D607+1758727]
GetHandleVerifier [0x01256546+1050150]
GetHandleVerifier [0x01256291+1049457]
GetHandleVerifier [0x012610D7+1094071]
GetHandleVerifier [0x01256B46+1051686]
Ordinal0 [0x01045B06+1727238]
Ordinal0 [0x0104EB7B+1764219]
Ordinal0 [0x0104ECE3+1764579]
Ordinal0 [0x01064C05+1854469]
BaseThreadInitThunk [0x75EA6739+25]
RtlGetFullPathName_UEx [0x776F8AFF+1215]
RtlGetFullPathName_UEx [0x776F8ACD+1165]
]]>
            </message>
            <full-stacktrace>
              <![CDATA[org.openqa.selenium.SessionNotCreatedException: session not created: This version of ChromeDriver only supports Chrome version 83
Build info: version: '3.141.59', revision: 'e82be7d358', time: '2018-11-14T08:17:03'
System info: host: 'LAPTOP-P7ODROTG', ip: '192.168.1.85', os.name: 'Windows 10', os.arch: 'amd64', os.version: '10.0', java.version: '1.8.0_231'
Driver info: driver.version: ChromeDriver
remote stacktrace: Backtrace:
Ordinal0 [0x01139563+2725219]
Ordinal0 [0x01038551+1672529]
Ordinal0 [0x00F20359+525145]
Ordinal0 [0x00EB0B77+68471]
Ordinal0 [0x00EAD32C+54060]
Ordinal0 [0x00ECCC37+183351]
Ordinal0 [0x00ECCA3D+182845]
Ordinal0 [0x00ECA94B+174411]
Ordinal0 [0x00EB2528+75048]
Ordinal0 [0x00EB35A0+79264]
Ordinal0 [0x00EB3539+79161]
Ordinal0 [0x0104D607+1758727]
GetHandleVerifier [0x01256546+1050150]
GetHandleVerifier [0x01256291+1049457]
GetHandleVerifier [0x012610D7+1094071]
GetHandleVerifier [0x01256B46+1051686]
Ordinal0 [0x01045B06+1727238]
Ordinal0 [0x0104EB7B+1764219]
Ordinal0 [0x0104ECE3+1764579]
Ordinal0 [0x01064C05+1854469]
BaseThreadInitThunk [0x75EA6739+25]
RtlGetFullPathName_UEx [0x776F8AFF+1215]
RtlGetFullPathName_UEx [0x776F8ACD+1165]

at sun.reflect.NativeConstructorAccessorImpl.newInstance0(Native Method)
at sun.reflect.NativeConstructorAccessorImpl.newInstance(NativeConstructorAccessorImpl.java:62)
at sun.reflect.DelegatingConstructorAccessorImpl.newInstance(DelegatingConstructorAccessorImpl.java:45)
at java.lang.reflect.Constructor.newInstance(Constructor.java:423)
at org.openqa.selenium.remote.W3CHandshakeResponse.lambda$errorHandler$0(W3CHandshakeResponse.java:62)
at org.openqa.selenium.remote.HandshakeResponse.lambda$getResponseFunction$0(HandshakeResponse.java:30)
at org.openqa.selenium.remote.ProtocolHandshake.lambda$createSession$0(ProtocolHandshake.java:126)
at java.util.stream.ReferencePipeline$3$1.accept(ReferencePipeline.java:193)
at java.util.Spliterators$ArraySpliterator.tryAdvance(Spliterators.java:958)
at java.util.stream.ReferencePipeline.forEachWithCancel(ReferencePipeline.java:126)
at java.util.stream.AbstractPipeline.copyIntoWithCancel(AbstractPipeline.java:499)
at java.util.stream.AbstractPipeline.copyInto(AbstractPipeline.java:486)
at java.util.stream.AbstractPipeline.wrapAndCopyInto(AbstractPipeline.java:472)
at java.util.stream.FindOps$FindOp.evaluateSequential(FindOps.java:152)
at java.util.stream.AbstractPipeline.evaluate(AbstractPipeline.java:234)
at java.util.stream.ReferencePipeline.findFirst(ReferencePipeline.java:464)
at org.openqa.selenium.remote.ProtocolHandshake.createSession(ProtocolHandshake.java:128)
at org.openqa.selenium.remote.ProtocolHandshake.createSession(ProtocolHandshake.java:74)
at org.openqa.selenium.remote.HttpCommandExecutor.execute(HttpCommandExecutor.java:136)
at org.openqa.selenium.remote.service.DriverCommandExecutor.execute(DriverCommandExecutor.java:83)
at org.openqa.selenium.remote.RemoteWebDriver.execute(RemoteWebDriver.java:552)
at org.openqa.selenium.remote.RemoteWebDriver.startSession(RemoteWebDriver.java:213)
at org.openqa.selenium.remote.RemoteWebDriver.<init>(RemoteWebDriver.java:131)
at org.openqa.selenium.chrome.ChromeDriver.<init>(ChromeDriver.java:181)
at org.openqa.selenium.chrome.ChromeDriver.<init>(ChromeDriver.java:168)
at org.openqa.selenium.chrome.ChromeDriver.<init>(ChromeDriver.java:157)
at com.uiautomation.base.BaseClass.initialization(BaseClass.java:58)
at com.uiautomation.testcases.LoginPageTests.setup(LoginPageTests.java:23)
at sun.reflect.NativeMethodAccessorImpl.invoke0(Native Method)
at sun.reflect.NativeMethodAccessorImpl.invoke(NativeMethodAccessorImpl.java:62)
at sun.reflect.DelegatingMethodAccessorImpl.invoke(DelegatingMethodAccessorImpl.java:43)
at java.lang.reflect.Method.invoke(Method.java:498)
at org.testng.internal.MethodInvocationHelper.invokeMethod(MethodInvocationHelper.java:134)
at org.testng.internal.MethodInvocationHelper.invokeMethodConsideringTimeout(MethodInvocationHelper.java:63)
at org.testng.internal.ConfigInvoker.invokeConfigurationMethod(ConfigInvoker.java:348)
at org.testng.internal.ConfigInvoker.invokeConfigurations(ConfigInvoker.java:302)
at org.testng.internal.TestInvoker.runConfigMethods(TestInvoker.java:695)
at org.testng.internal.TestInvoker.invokeMethod(TestInvoker.java:523)
at org.testng.internal.TestInvoker.invokeTestMethod(TestInvoker.java:173)
at org.testng.internal.MethodRunner.runInSequence(MethodRunner.java:46)
at org.testng.internal.TestInvoker$MethodInvocationAgent.invoke(TestInvoker.java:816)
at org.testng.internal.TestInvoker.invokeTestMethods(TestInvoker.java:146)
at org.testng.internal.TestMethodWorker.invokeTestMethods(TestMethodWorker.java:146)
at org.testng.internal.TestMethodWorker.run(TestMethodWorker.java:128)
at java.util.concurrent.ThreadPoolExecutor.runWorker(ThreadPoolExecutor.java:1149)
at java.util.concurrent.ThreadPoolExecutor$Worker.run(ThreadPoolExecutor.java:624)
at java.lang.Thread.run(Thread.java:748)
]]>
            </full-stacktrace>
          </exception> <!-- org.openqa.selenium.SessionNotCreatedException -->
          <reporter-output>
          </reporter-output>
        </test-method> <!-- logintoApp -->
        <test-method status="SKIP" signature="teardown()[pri:0, instance:com.uiautomation.testcases.LoginPageTests@6acdbdf5]" name="teardown" is-config="true" duration-ms="-1630832077572" started-at="2021-09-05T09:54:37 BST" finished-at="1970-01-01T01:00:00 GMT">
          <reporter-output>
          </reporter-output>
        </test-method> <!-- teardown -->
      </class> <!-- com.uiautomation.testcases.LoginPageTests -->
      <class name="com.uiautomation.testcases.ItemPageTests">
        <test-method status="FAIL" signature="setup()[pri:0, instance:com.uiautomation.testcases.ItemPageTests@17579e0f]" name="setup" is-config="true" duration-ms="14947" started-at="2021-09-05T09:54:22 BST" finished-at="2021-09-05T09:54:37 BST">
          <exception class="org.openqa.selenium.SessionNotCreatedException">
            <message>
              <![CDATA[session not created: This version of ChromeDriver only supports Chrome version 83
Build info: version: '3.141.59', revision: 'e82be7d358', time: '2018-11-14T08:17:03'
System info: host: 'LAPTOP-P7ODROTG', ip: '192.168.1.85', os.name: 'Windows 10', os.arch: 'amd64', os.version: '10.0', java.version: '1.8.0_231'
Driver info: driver.version: ChromeDriver
remote stacktrace: Backtrace:
Ordinal0 [0x01139563+2725219]
Ordinal0 [0x01038551+1672529]
Ordinal0 [0x00F20359+525145]
Ordinal0 [0x00EB0B77+68471]
Ordinal0 [0x00EAD32C+54060]
Ordinal0 [0x00ECCC37+183351]
Ordinal0 [0x00ECCA3D+182845]
Ordinal0 [0x00ECA94B+174411]
Ordinal0 [0x00EB2528+75048]
Ordinal0 [0x00EB35A0+79264]
Ordinal0 [0x00EB3539+79161]
Ordinal0 [0x0104D607+1758727]
GetHandleVerifier [0x01256546+1050150]
GetHandleVerifier [0x01256291+1049457]
GetHandleVerifier [0x012610D7+1094071]
GetHandleVerifier [0x01256B46+1051686]
Ordinal0 [0x01045B06+1727238]
Ordinal0 [0x0104EB7B+1764219]
Ordinal0 [0x0104ECE3+1764579]
Ordinal0 [0x01064C05+1854469]
BaseThreadInitThunk [0x75EA6739+25]
RtlGetFullPathName_UEx [0x776F8AFF+1215]
RtlGetFullPathName_UEx [0x776F8ACD+1165]
]]>
            </message>
            <full-stacktrace>
              <![CDATA[org.openqa.selenium.SessionNotCreatedException: session not created: This version of ChromeDriver only supports Chrome version 83
Build info: version: '3.141.59', revision: 'e82be7d358', time: '2018-11-14T08:17:03'
System info: host: 'LAPTOP-P7ODROTG', ip: '192.168.1.85', os.name: 'Windows 10', os.arch: 'amd64', os.version: '10.0', java.version: '1.8.0_231'
Driver info: driver.version: ChromeDriver
remote stacktrace: Backtrace:
Ordinal0 [0x01139563+2725219]
Ordinal0 [0x01038551+1672529]
Ordinal0 [0x00F20359+525145]
Ordinal0 [0x00EB0B77+68471]
Ordinal0 [0x00EAD32C+54060]
Ordinal0 [0x00ECCC37+183351]
Ordinal0 [0x00ECCA3D+182845]
Ordinal0 [0x00ECA94B+174411]
Ordinal0 [0x00EB2528+75048]
Ordinal0 [0x00EB35A0+79264]
Ordinal0 [0x00EB3539+79161]
Ordinal0 [0x0104D607+1758727]
GetHandleVerifier [0x01256546+1050150]
GetHandleVerifier [0x01256291+1049457]
GetHandleVerifier [0x012610D7+1094071]
GetHandleVerifier [0x01256B46+1051686]
Ordinal0 [0x01045B06+1727238]
Ordinal0 [0x0104EB7B+1764219]
Ordinal0 [0x0104ECE3+1764579]
Ordinal0 [0x01064C05+1854469]
BaseThreadInitThunk [0x75EA6739+25]
RtlGetFullPathName_UEx [0x776F8AFF+1215]
RtlGetFullPathName_UEx [0x776F8ACD+1165]

at sun.reflect.NativeConstructorAccessorImpl.newInstance0(Native Method)
at sun.reflect.NativeConstructorAccessorImpl.newInstance(NativeConstructorAccessorImpl.java:62)
at sun.reflect.DelegatingConstructorAccessorImpl.newInstance(DelegatingConstructorAccessorImpl.java:45)
at java.lang.reflect.Constructor.newInstance(Constructor.java:423)
at org.openqa.selenium.remote.W3CHandshakeResponse.lambda$errorHandler$0(W3CHandshakeResponse.java:62)
at org.openqa.selenium.remote.HandshakeResponse.lambda$getResponseFunction$0(HandshakeResponse.java:30)
at org.openqa.selenium.remote.ProtocolHandshake.lambda$createSession$0(ProtocolHandshake.java:126)
at java.util.stream.ReferencePipeline$3$1.accept(ReferencePipeline.java:193)
at java.util.Spliterators$ArraySpliterator.tryAdvance(Spliterators.java:958)
at java.util.stream.ReferencePipeline.forEachWithCancel(ReferencePipeline.java:126)
at java.util.stream.AbstractPipeline.copyIntoWithCancel(AbstractPipeline.java:499)
at java.util.stream.AbstractPipeline.copyInto(AbstractPipeline.java:486)
at java.util.stream.AbstractPipeline.wrapAndCopyInto(AbstractPipeline.java:472)
at java.util.stream.FindOps$FindOp.evaluateSequential(FindOps.java:152)
at java.util.stream.AbstractPipeline.evaluate(AbstractPipeline.java:234)
at java.util.stream.ReferencePipeline.findFirst(ReferencePipeline.java:464)
at org.openqa.selenium.remote.ProtocolHandshake.createSession(ProtocolHandshake.java:128)
at org.openqa.selenium.remote.ProtocolHandshake.createSession(ProtocolHandshake.java:74)
at org.openqa.selenium.remote.HttpCommandExecutor.execute(HttpCommandExecutor.java:136)
at org.openqa.selenium.remote.service.DriverCommandExecutor.execute(DriverCommandExecutor.java:83)
at org.openqa.selenium.remote.RemoteWebDriver.execute(RemoteWebDriver.java:552)
at org.openqa.selenium.remote.RemoteWebDriver.startSession(RemoteWebDriver.java:213)
at org.openqa.selenium.remote.RemoteWebDriver.<init>(RemoteWebDriver.java:131)
at org.openqa.selenium.chrome.ChromeDriver.<init>(ChromeDriver.java:181)
at org.openqa.selenium.chrome.ChromeDriver.<init>(ChromeDriver.java:168)
at org.openqa.selenium.chrome.ChromeDriver.<init>(ChromeDriver.java:157)
at com.uiautomation.base.BaseClass.initialization(BaseClass.java:58)
at com.uiautomation.testcases.ItemPageTests.setup(ItemPageTests.java:33)
at sun.reflect.NativeMethodAccessorImpl.invoke0(Native Method)
at sun.reflect.NativeMethodAccessorImpl.invoke(NativeMethodAccessorImpl.java:62)
at sun.reflect.DelegatingMethodAccessorImpl.invoke(DelegatingMethodAccessorImpl.java:43)
at java.lang.reflect.Method.invoke(Method.java:498)
at org.testng.internal.MethodInvocationHelper.invokeMethod(MethodInvocationHelper.java:134)
at org.testng.internal.MethodInvocationHelper.invokeMethodConsideringTimeout(MethodInvocationHelper.java:63)
at org.testng.internal.ConfigInvoker.invokeConfigurationMethod(ConfigInvoker.java:348)
at org.testng.internal.ConfigInvoker.invokeConfigurations(ConfigInvoker.java:302)
at org.testng.internal.TestInvoker.runConfigMethods(TestInvoker.java:695)
at org.testng.internal.TestInvoker.invokeMethod(TestInvoker.java:523)
at org.testng.internal.TestInvoker.invokeTestMethod(TestInvoker.java:173)
at org.testng.internal.MethodRunner.runInSequence(MethodRunner.java:46)
at org.testng.internal.TestInvoker$MethodInvocationAgent.invoke(TestInvoker.java:816)
at org.testng.internal.TestInvoker.invokeTestMethods(TestInvoker.java:146)
at org.testng.internal.TestMethodWorker.invokeTestMethods(TestMethodWorker.java:146)
at org.testng.internal.TestMethodWorker.run(TestMethodWorker.java:128)
at java.util.concurrent.ThreadPoolExecutor.runWorker(ThreadPoolExecutor.java:1149)
at java.util.concurrent.ThreadPoolExecutor$Worker.run(ThreadPoolExecutor.java:624)
at java.lang.Thread.run(Thread.java:748)
]]>
            </full-stacktrace>
          </exception> <!-- org.openqa.selenium.SessionNotCreatedException -->
          <reporter-output>
          </reporter-output>
        </test-method> <!-- setup -->
        <test-method status="SKIP" signature="addItem(java.lang.String, java.lang.String)[pri:0, instance:com.uiautomation.testcases.ItemPageTests@17579e0f]" name="addItem" duration-ms="0" started-at="2021-09-05T09:54:37 BST" data-provider="getTaskData" finished-at="2021-09-05T09:54:37 BST">
          <exception class="org.openqa.selenium.SessionNotCreatedException">
            <message>
              <![CDATA[session not created: This version of ChromeDriver only supports Chrome version 83
Build info: version: '3.141.59', revision: 'e82be7d358', time: '2018-11-14T08:17:03'
System info: host: 'LAPTOP-P7ODROTG', ip: '192.168.1.85', os.name: 'Windows 10', os.arch: 'amd64', os.version: '10.0', java.version: '1.8.0_231'
Driver info: driver.version: ChromeDriver
remote stacktrace: Backtrace:
Ordinal0 [0x01139563+2725219]
Ordinal0 [0x01038551+1672529]
Ordinal0 [0x00F20359+525145]
Ordinal0 [0x00EB0B77+68471]
Ordinal0 [0x00EAD32C+54060]
Ordinal0 [0x00ECCC37+183351]
Ordinal0 [0x00ECCA3D+182845]
Ordinal0 [0x00ECA94B+174411]
Ordinal0 [0x00EB2528+75048]
Ordinal0 [0x00EB35A0+79264]
Ordinal0 [0x00EB3539+79161]
Ordinal0 [0x0104D607+1758727]
GetHandleVerifier [0x01256546+1050150]
GetHandleVerifier [0x01256291+1049457]
GetHandleVerifier [0x012610D7+1094071]
GetHandleVerifier [0x01256B46+1051686]
Ordinal0 [0x01045B06+1727238]
Ordinal0 [0x0104EB7B+1764219]
Ordinal0 [0x0104ECE3+1764579]
Ordinal0 [0x01064C05+1854469]
BaseThreadInitThunk [0x75EA6739+25]
RtlGetFullPathName_UEx [0x776F8AFF+1215]
RtlGetFullPathName_UEx [0x776F8ACD+1165]
]]>
            </message>
            <full-stacktrace>
              <![CDATA[org.openqa.selenium.SessionNotCreatedException: session not created: This version of ChromeDriver only supports Chrome version 83
Build info: version: '3.141.59', revision: 'e82be7d358', time: '2018-11-14T08:17:03'
System info: host: 'LAPTOP-P7ODROTG', ip: '192.168.1.85', os.name: 'Windows 10', os.arch: 'amd64', os.version: '10.0', java.version: '1.8.0_231'
Driver info: driver.version: ChromeDriver
remote stacktrace: Backtrace:
Ordinal0 [0x01139563+2725219]
Ordinal0 [0x01038551+1672529]
Ordinal0 [0x00F20359+525145]
Ordinal0 [0x00EB0B77+68471]
Ordinal0 [0x00EAD32C+54060]
Ordinal0 [0x00ECCC37+183351]
Ordinal0 [0x00ECCA3D+182845]
Ordinal0 [0x00ECA94B+174411]
Ordinal0 [0x00EB2528+75048]
Ordinal0 [0x00EB35A0+79264]
Ordinal0 [0x00EB3539+79161]
Ordinal0 [0x0104D607+1758727]
GetHandleVerifier [0x01256546+1050150]
GetHandleVerifier [0x01256291+1049457]
GetHandleVerifier [0x012610D7+1094071]
GetHandleVerifier [0x01256B46+1051686]
Ordinal0 [0x01045B06+1727238]
Ordinal0 [0x0104EB7B+1764219]
Ordinal0 [0x0104ECE3+1764579]
Ordinal0 [0x01064C05+1854469]
BaseThreadInitThunk [0x75EA6739+25]
RtlGetFullPathName_UEx [0x776F8AFF+1215]
RtlGetFullPathName_UEx [0x776F8ACD+1165]

at sun.reflect.NativeConstructorAccessorImpl.newInstance0(Native Method)
at sun.reflect.NativeConstructorAccessorImpl.newInstance(NativeConstructorAccessorImpl.java:62)
at sun.reflect.DelegatingConstructorAccessorImpl.newInstance(DelegatingConstructorAccessorImpl.java:45)
at java.lang.reflect.Constructor.newInstance(Constructor.java:423)
at org.openqa.selenium.remote.W3CHandshakeResponse.lambda$errorHandler$0(W3CHandshakeResponse.java:62)
at org.openqa.selenium.remote.HandshakeResponse.lambda$getResponseFunction$0(HandshakeResponse.java:30)
at org.openqa.selenium.remote.ProtocolHandshake.lambda$createSession$0(ProtocolHandshake.java:126)
at java.util.stream.ReferencePipeline$3$1.accept(ReferencePipeline.java:193)
at java.util.Spliterators$ArraySpliterator.tryAdvance(Spliterators.java:958)
at java.util.stream.ReferencePipeline.forEachWithCancel(ReferencePipeline.java:126)
at java.util.stream.AbstractPipeline.copyIntoWithCancel(AbstractPipeline.java:499)
at java.util.stream.AbstractPipeline.copyInto(AbstractPipeline.java:486)
at java.util.stream.AbstractPipeline.wrapAndCopyInto(AbstractPipeline.java:472)
at java.util.stream.FindOps$FindOp.evaluateSequential(FindOps.java:152)
at java.util.stream.AbstractPipeline.evaluate(AbstractPipeline.java:234)
at java.util.stream.ReferencePipeline.findFirst(ReferencePipeline.java:464)
at org.openqa.selenium.remote.ProtocolHandshake.createSession(ProtocolHandshake.java:128)
at org.openqa.selenium.remote.ProtocolHandshake.createSession(ProtocolHandshake.java:74)
at org.openqa.selenium.remote.HttpCommandExecutor.execute(HttpCommandExecutor.java:136)
at org.openqa.selenium.remote.service.DriverCommandExecutor.execute(DriverCommandExecutor.java:83)
at org.openqa.selenium.remote.RemoteWebDriver.execute(RemoteWebDriver.java:552)
at org.openqa.selenium.remote.RemoteWebDriver.startSession(RemoteWebDriver.java:213)
at org.openqa.selenium.remote.RemoteWebDriver.<init>(RemoteWebDriver.java:131)
at org.openqa.selenium.chrome.ChromeDriver.<init>(ChromeDriver.java:181)
at org.openqa.selenium.chrome.ChromeDriver.<init>(ChromeDriver.java:168)
at org.openqa.selenium.chrome.ChromeDriver.<init>(ChromeDriver.java:157)
at com.uiautomation.base.BaseClass.initialization(BaseClass.java:58)
at com.uiautomation.testcases.ItemPageTests.setup(ItemPageTests.java:33)
at sun.reflect.NativeMethodAccessorImpl.invoke0(Native Method)
at sun.reflect.NativeMethodAccessorImpl.invoke(NativeMethodAccessorImpl.java:62)
at sun.reflect.DelegatingMethodAccessorImpl.invoke(DelegatingMethodAccessorImpl.java:43)
at java.lang.reflect.Method.invoke(Method.java:498)
at org.testng.internal.MethodInvocationHelper.invokeMethod(MethodInvocationHelper.java:134)
at org.testng.internal.MethodInvocationHelper.invokeMethodConsideringTimeout(MethodInvocationHelper.java:63)
at org.testng.internal.ConfigInvoker.invokeConfigurationMethod(ConfigInvoker.java:348)
at org.testng.internal.ConfigInvoker.invokeConfigurations(ConfigInvoker.java:302)
at org.testng.internal.TestInvoker.runConfigMethods(TestInvoker.java:695)
at org.testng.internal.TestInvoker.invokeMethod(TestInvoker.java:523)
at org.testng.internal.TestInvoker.invokeTestMethod(TestInvoker.java:173)
at org.testng.internal.MethodRunner.runInSequence(MethodRunner.java:46)
at org.testng.internal.TestInvoker$MethodInvocationAgent.invoke(TestInvoker.java:816)
at org.testng.internal.TestInvoker.invokeTestMethods(TestInvoker.java:146)
at org.testng.internal.TestMethodWorker.invokeTestMethods(TestMethodWorker.java:146)
at org.testng.internal.TestMethodWorker.run(TestMethodWorker.java:128)
at java.util.concurrent.ThreadPoolExecutor.runWorker(ThreadPoolExecutor.java:1149)
at java.util.concurrent.ThreadPoolExecutor$Worker.run(ThreadPoolExecutor.java:624)
at java.lang.Thread.run(Thread.java:748)
]]>
            </full-stacktrace>
          </exception> <!-- org.openqa.selenium.SessionNotCreatedException -->
          <reporter-output>
          </reporter-output>
        </test-method> <!-- addItem -->
        <test-method status="SKIP" signature="tearDown()[pri:0, instance:com.uiautomation.testcases.ItemPageTests@17579e0f]" name="tearDown" is-config="true" duration-ms="-1630832077424" started-at="2021-09-05T09:54:37 BST" finished-at="1970-01-01T01:00:00 GMT">
          <reporter-output>
          </reporter-output>
        </test-method> <!-- tearDown -->
        <test-method status="SKIP" signature="setup()[pri:0, instance:com.uiautomation.testcases.ItemPageTests@17579e0f]" name="setup" is-config="true" duration-ms="-1630832077426" started-at="2021-09-05T09:54:37 BST" finished-at="1970-01-01T01:00:00 GMT">
          <reporter-output>
          </reporter-output>
        </test-method> <!-- setup -->
        <test-method status="SKIP" signature="addItem(java.lang.String, java.lang.String)[pri:0, instance:com.uiautomation.testcases.ItemPageTests@17579e0f]" name="addItem" duration-ms="0" started-at="2021-09-05T09:54:37 BST" data-provider="getTaskData" finished-at="2021-09-05T09:54:37 BST">
          <exception class="org.openqa.selenium.SessionNotCreatedException">
            <message>
              <![CDATA[session not created: This version of ChromeDriver only supports Chrome version 83
Build info: version: '3.141.59', revision: 'e82be7d358', time: '2018-11-14T08:17:03'
System info: host: 'LAPTOP-P7ODROTG', ip: '192.168.1.85', os.name: 'Windows 10', os.arch: 'amd64', os.version: '10.0', java.version: '1.8.0_231'
Driver info: driver.version: ChromeDriver
remote stacktrace: Backtrace:
Ordinal0 [0x01139563+2725219]
Ordinal0 [0x01038551+1672529]
Ordinal0 [0x00F20359+525145]
Ordinal0 [0x00EB0B77+68471]
Ordinal0 [0x00EAD32C+54060]
Ordinal0 [0x00ECCC37+183351]
Ordinal0 [0x00ECCA3D+182845]
Ordinal0 [0x00ECA94B+174411]
Ordinal0 [0x00EB2528+75048]
Ordinal0 [0x00EB35A0+79264]
Ordinal0 [0x00EB3539+79161]
Ordinal0 [0x0104D607+1758727]
GetHandleVerifier [0x01256546+1050150]
GetHandleVerifier [0x01256291+1049457]
GetHandleVerifier [0x012610D7+1094071]
GetHandleVerifier [0x01256B46+1051686]
Ordinal0 [0x01045B06+1727238]
Ordinal0 [0x0104EB7B+1764219]
Ordinal0 [0x0104ECE3+1764579]
Ordinal0 [0x01064C05+1854469]
BaseThreadInitThunk [0x75EA6739+25]
RtlGetFullPathName_UEx [0x776F8AFF+1215]
RtlGetFullPathName_UEx [0x776F8ACD+1165]
]]>
            </message>
            <full-stacktrace>
              <![CDATA[org.openqa.selenium.SessionNotCreatedException: session not created: This version of ChromeDriver only supports Chrome version 83
Build info: version: '3.141.59', revision: 'e82be7d358', time: '2018-11-14T08:17:03'
System info: host: 'LAPTOP-P7ODROTG', ip: '192.168.1.85', os.name: 'Windows 10', os.arch: 'amd64', os.version: '10.0', java.version: '1.8.0_231'
Driver info: driver.version: ChromeDriver
remote stacktrace: Backtrace:
Ordinal0 [0x01139563+2725219]
Ordinal0 [0x01038551+1672529]
Ordinal0 [0x00F20359+525145]
Ordinal0 [0x00EB0B77+68471]
Ordinal0 [0x00EAD32C+54060]
Ordinal0 [0x00ECCC37+183351]
Ordinal0 [0x00ECCA3D+182845]
Ordinal0 [0x00ECA94B+174411]
Ordinal0 [0x00EB2528+75048]
Ordinal0 [0x00EB35A0+79264]
Ordinal0 [0x00EB3539+79161]
Ordinal0 [0x0104D607+1758727]
GetHandleVerifier [0x01256546+1050150]
GetHandleVerifier [0x01256291+1049457]
GetHandleVerifier [0x012610D7+1094071]
GetHandleVerifier [0x01256B46+1051686]
Ordinal0 [0x01045B06+1727238]
Ordinal0 [0x0104EB7B+1764219]
Ordinal0 [0x0104ECE3+1764579]
Ordinal0 [0x01064C05+1854469]
BaseThreadInitThunk [0x75EA6739+25]
RtlGetFullPathName_UEx [0x776F8AFF+1215]
RtlGetFullPathName_UEx [0x776F8ACD+1165]

at sun.reflect.NativeConstructorAccessorImpl.newInstance0(Native Method)
at sun.reflect.NativeConstructorAccessorImpl.newInstance(NativeConstructorAccessorImpl.java:62)
at sun.reflect.DelegatingConstructorAccessorImpl.newInstance(DelegatingConstructorAccessorImpl.java:45)
at java.lang.reflect.Constructor.newInstance(Constructor.java:423)
at org.openqa.selenium.remote.W3CHandshakeResponse.lambda$errorHandler$0(W3CHandshakeResponse.java:62)
at org.openqa.selenium.remote.HandshakeResponse.lambda$getResponseFunction$0(HandshakeResponse.java:30)
at org.openqa.selenium.remote.ProtocolHandshake.lambda$createSession$0(ProtocolHandshake.java:126)
at java.util.stream.ReferencePipeline$3$1.accept(ReferencePipeline.java:193)
at java.util.Spliterators$ArraySpliterator.tryAdvance(Spliterators.java:958)
at java.util.stream.ReferencePipeline.forEachWithCancel(ReferencePipeline.java:126)
at java.util.stream.AbstractPipeline.copyIntoWithCancel(AbstractPipeline.java:499)
at java.util.stream.AbstractPipeline.copyInto(AbstractPipeline.java:486)
at java.util.stream.AbstractPipeline.wrapAndCopyInto(AbstractPipeline.java:472)
at java.util.stream.FindOps$FindOp.evaluateSequential(FindOps.java:152)
at java.util.stream.AbstractPipeline.evaluate(AbstractPipeline.java:234)
at java.util.stream.ReferencePipeline.findFirst(ReferencePipeline.java:464)
at org.openqa.selenium.remote.ProtocolHandshake.createSession(ProtocolHandshake.java:128)
at org.openqa.selenium.remote.ProtocolHandshake.createSession(ProtocolHandshake.java:74)
at org.openqa.selenium.remote.HttpCommandExecutor.execute(HttpCommandExecutor.java:136)
at org.openqa.selenium.remote.service.DriverCommandExecutor.execute(DriverCommandExecutor.java:83)
at org.openqa.selenium.remote.RemoteWebDriver.execute(RemoteWebDriver.java:552)
at org.openqa.selenium.remote.RemoteWebDriver.startSession(RemoteWebDriver.java:213)
at org.openqa.selenium.remote.RemoteWebDriver.<init>(RemoteWebDriver.java:131)
at org.openqa.selenium.chrome.ChromeDriver.<init>(ChromeDriver.java:181)
at org.openqa.selenium.chrome.ChromeDriver.<init>(ChromeDriver.java:168)
at org.openqa.selenium.chrome.ChromeDriver.<init>(ChromeDriver.java:157)
at com.uiautomation.base.BaseClass.initialization(BaseClass.java:58)
at com.uiautomation.testcases.ItemPageTests.setup(ItemPageTests.java:33)
at sun.reflect.NativeMethodAccessorImpl.invoke0(Native Method)
at sun.reflect.NativeMethodAccessorImpl.invoke(NativeMethodAccessorImpl.java:62)
at sun.reflect.DelegatingMethodAccessorImpl.invoke(DelegatingMethodAccessorImpl.java:43)
at java.lang.reflect.Method.invoke(Method.java:498)
at org.testng.internal.MethodInvocationHelper.invokeMethod(MethodInvocationHelper.java:134)
at org.testng.internal.MethodInvocationHelper.invokeMethodConsideringTimeout(MethodInvocationHelper.java:63)
at org.testng.internal.ConfigInvoker.invokeConfigurationMethod(ConfigInvoker.java:348)
at org.testng.internal.ConfigInvoker.invokeConfigurations(ConfigInvoker.java:302)
at org.testng.internal.TestInvoker.runConfigMethods(TestInvoker.java:695)
at org.testng.internal.TestInvoker.invokeMethod(TestInvoker.java:523)
at org.testng.internal.TestInvoker.invokeTestMethod(TestInvoker.java:173)
at org.testng.internal.MethodRunner.runInSequence(MethodRunner.java:46)
at org.testng.internal.TestInvoker$MethodInvocationAgent.invoke(TestInvoker.java:816)
at org.testng.internal.TestInvoker.invokeTestMethods(TestInvoker.java:146)
at org.testng.internal.TestMethodWorker.invokeTestMethods(TestMethodWorker.java:146)
at org.testng.internal.TestMethodWorker.run(TestMethodWorker.java:128)
at java.util.concurrent.ThreadPoolExecutor.runWorker(ThreadPoolExecutor.java:1149)
at java.util.concurrent.ThreadPoolExecutor$Worker.run(ThreadPoolExecutor.java:624)
at java.lang.Thread.run(Thread.java:748)
]]>
            </full-stacktrace>
          </exception> <!-- org.openqa.selenium.SessionNotCreatedException -->
          <reporter-output>
          </reporter-output>
        </test-method> <!-- addItem -->
        <test-method status="SKIP" signature="tearDown()[pri:0, instance:com.uiautomation.testcases.ItemPageTests@17579e0f]" name="tearDown" is-config="true" duration-ms="-1630832077432" started-at="2021-09-05T09:54:37 BST" finished-at="1970-01-01T01:00:00 GMT">
          <reporter-output>
          </reporter-output>
        </test-method> <!-- tearDown -->
        <test-method status="SKIP" signature="setup()[pri:0, instance:com.uiautomation.testcases.ItemPageTests@17579e0f]" name="setup" is-config="true" duration-ms="-1630832077434" started-at="2021-09-05T09:54:37 BST" finished-at="1970-01-01T01:00:00 GMT">
          <reporter-output>
          </reporter-output>
        </test-method> <!-- setup -->
        <test-method status="SKIP" signature="addItem(java.lang.String, java.lang.String)[pri:0, instance:com.uiautomation.testcases.ItemPageTests@17579e0f]" name="addItem" duration-ms="0" started-at="2021-09-05T09:54:37 BST" data-provider="getTaskData" finished-at="2021-09-05T09:54:37 BST">
          <exception class="org.openqa.selenium.SessionNotCreatedException">
            <message>
              <![CDATA[session not created: This version of ChromeDriver only supports Chrome version 83
Build info: version: '3.141.59', revision: 'e82be7d358', time: '2018-11-14T08:17:03'
System info: host: 'LAPTOP-P7ODROTG', ip: '192.168.1.85', os.name: 'Windows 10', os.arch: 'amd64', os.version: '10.0', java.version: '1.8.0_231'
Driver info: driver.version: ChromeDriver
remote stacktrace: Backtrace:
Ordinal0 [0x01139563+2725219]
Ordinal0 [0x01038551+1672529]
Ordinal0 [0x00F20359+525145]
Ordinal0 [0x00EB0B77+68471]
Ordinal0 [0x00EAD32C+54060]
Ordinal0 [0x00ECCC37+183351]
Ordinal0 [0x00ECCA3D+182845]
Ordinal0 [0x00ECA94B+174411]
Ordinal0 [0x00EB2528+75048]
Ordinal0 [0x00EB35A0+79264]
Ordinal0 [0x00EB3539+79161]
Ordinal0 [0x0104D607+1758727]
GetHandleVerifier [0x01256546+1050150]
GetHandleVerifier [0x01256291+1049457]
GetHandleVerifier [0x012610D7+1094071]
GetHandleVerifier [0x01256B46+1051686]
Ordinal0 [0x01045B06+1727238]
Ordinal0 [0x0104EB7B+1764219]
Ordinal0 [0x0104ECE3+1764579]
Ordinal0 [0x01064C05+1854469]
BaseThreadInitThunk [0x75EA6739+25]
RtlGetFullPathName_UEx [0x776F8AFF+1215]
RtlGetFullPathName_UEx [0x776F8ACD+1165]
]]>
            </message>
            <full-stacktrace>
              <![CDATA[org.openqa.selenium.SessionNotCreatedException: session not created: This version of ChromeDriver only supports Chrome version 83
Build info: version: '3.141.59', revision: 'e82be7d358', time: '2018-11-14T08:17:03'
System info: host: 'LAPTOP-P7ODROTG', ip: '192.168.1.85', os.name: 'Windows 10', os.arch: 'amd64', os.version: '10.0', java.version: '1.8.0_231'
Driver info: driver.version: ChromeDriver
remote stacktrace: Backtrace:
Ordinal0 [0x01139563+2725219]
Ordinal0 [0x01038551+1672529]
Ordinal0 [0x00F20359+525145]
Ordinal0 [0x00EB0B77+68471]
Ordinal0 [0x00EAD32C+54060]
Ordinal0 [0x00ECCC37+183351]
Ordinal0 [0x00ECCA3D+182845]
Ordinal0 [0x00ECA94B+174411]
Ordinal0 [0x00EB2528+75048]
Ordinal0 [0x00EB35A0+79264]
Ordinal0 [0x00EB3539+79161]
Ordinal0 [0x0104D607+1758727]
GetHandleVerifier [0x01256546+1050150]
GetHandleVerifier [0x01256291+1049457]
GetHandleVerifier [0x012610D7+1094071]
GetHandleVerifier [0x01256B46+1051686]
Ordinal0 [0x01045B06+1727238]
Ordinal0 [0x0104EB7B+1764219]
Ordinal0 [0x0104ECE3+1764579]
Ordinal0 [0x01064C05+1854469]
BaseThreadInitThunk [0x75EA6739+25]
RtlGetFullPathName_UEx [0x776F8AFF+1215]
RtlGetFullPathName_UEx [0x776F8ACD+1165]

at sun.reflect.NativeConstructorAccessorImpl.newInstance0(Native Method)
at sun.reflect.NativeConstructorAccessorImpl.newInstance(NativeConstructorAccessorImpl.java:62)
at sun.reflect.DelegatingConstructorAccessorImpl.newInstance(DelegatingConstructorAccessorImpl.java:45)
at java.lang.reflect.Constructor.newInstance(Constructor.java:423)
at org.openqa.selenium.remote.W3CHandshakeResponse.lambda$errorHandler$0(W3CHandshakeResponse.java:62)
at org.openqa.selenium.remote.HandshakeResponse.lambda$getResponseFunction$0(HandshakeResponse.java:30)
at org.openqa.selenium.remote.ProtocolHandshake.lambda$createSession$0(ProtocolHandshake.java:126)
at java.util.stream.ReferencePipeline$3$1.accept(ReferencePipeline.java:193)
at java.util.Spliterators$ArraySpliterator.tryAdvance(Spliterators.java:958)
at java.util.stream.ReferencePipeline.forEachWithCancel(ReferencePipeline.java:126)
at java.util.stream.AbstractPipeline.copyIntoWithCancel(AbstractPipeline.java:499)
at java.util.stream.AbstractPipeline.copyInto(AbstractPipeline.java:486)
at java.util.stream.AbstractPipeline.wrapAndCopyInto(AbstractPipeline.java:472)
at java.util.stream.FindOps$FindOp.evaluateSequential(FindOps.java:152)
at java.util.stream.AbstractPipeline.evaluate(AbstractPipeline.java:234)
at java.util.stream.ReferencePipeline.findFirst(ReferencePipeline.java:464)
at org.openqa.selenium.remote.ProtocolHandshake.createSession(ProtocolHandshake.java:128)
at org.openqa.selenium.remote.ProtocolHandshake.createSession(ProtocolHandshake.java:74)
at org.openqa.selenium.remote.HttpCommandExecutor.execute(HttpCommandExecutor.java:136)
at org.openqa.selenium.remote.service.DriverCommandExecutor.execute(DriverCommandExecutor.java:83)
at org.openqa.selenium.remote.RemoteWebDriver.execute(RemoteWebDriver.java:552)
at org.openqa.selenium.remote.RemoteWebDriver.startSession(RemoteWebDriver.java:213)
at org.openqa.selenium.remote.RemoteWebDriver.<init>(RemoteWebDriver.java:131)
at org.openqa.selenium.chrome.ChromeDriver.<init>(ChromeDriver.java:181)
at org.openqa.selenium.chrome.ChromeDriver.<init>(ChromeDriver.java:168)
at org.openqa.selenium.chrome.ChromeDriver.<init>(ChromeDriver.java:157)
at com.uiautomation.base.BaseClass.initialization(BaseClass.java:58)
at com.uiautomation.testcases.ItemPageTests.setup(ItemPageTests.java:33)
at sun.reflect.NativeMethodAccessorImpl.invoke0(Native Method)
at sun.reflect.NativeMethodAccessorImpl.invoke(NativeMethodAccessorImpl.java:62)
at sun.reflect.DelegatingMethodAccessorImpl.invoke(DelegatingMethodAccessorImpl.java:43)
at java.lang.reflect.Method.invoke(Method.java:498)
at org.testng.internal.MethodInvocationHelper.invokeMethod(MethodInvocationHelper.java:134)
at org.testng.internal.MethodInvocationHelper.invokeMethodConsideringTimeout(MethodInvocationHelper.java:63)
at org.testng.internal.ConfigInvoker.invokeConfigurationMethod(ConfigInvoker.java:348)
at org.testng.internal.ConfigInvoker.invokeConfigurations(ConfigInvoker.java:302)
at org.testng.internal.TestInvoker.runConfigMethods(TestInvoker.java:695)
at org.testng.internal.TestInvoker.invokeMethod(TestInvoker.java:523)
at org.testng.internal.TestInvoker.invokeTestMethod(TestInvoker.java:173)
at org.testng.internal.MethodRunner.runInSequence(MethodRunner.java:46)
at org.testng.internal.TestInvoker$MethodInvocationAgent.invoke(TestInvoker.java:816)
at org.testng.internal.TestInvoker.invokeTestMethods(TestInvoker.java:146)
at org.testng.internal.TestMethodWorker.invokeTestMethods(TestMethodWorker.java:146)
at org.testng.internal.TestMethodWorker.run(TestMethodWorker.java:128)
at java.util.concurrent.ThreadPoolExecutor.runWorker(ThreadPoolExecutor.java:1149)
at java.util.concurrent.ThreadPoolExecutor$Worker.run(ThreadPoolExecutor.java:624)
at java.lang.Thread.run(Thread.java:748)
]]>
            </full-stacktrace>
          </exception> <!-- org.openqa.selenium.SessionNotCreatedException -->
          <reporter-output>
          </reporter-output>
        </test-method> <!-- addItem -->
        <test-method status="SKIP" signature="tearDown()[pri:0, instance:com.uiautomation.testcases.ItemPageTests@17579e0f]" name="tearDown" is-config="true" duration-ms="-1630832077441" started-at="2021-09-05T09:54:37 BST" finished-at="1970-01-01T01:00:00 GMT">
          <reporter-output>
          </reporter-output>
        </test-method> <!-- tearDown -->
        <test-method status="SKIP" signature="setup()[pri:0, instance:com.uiautomation.testcases.ItemPageTests@17579e0f]" name="setup" is-config="true" duration-ms="-1630832077444" started-at="2021-09-05T09:54:37 BST" finished-at="1970-01-01T01:00:00 GMT">
          <reporter-output>
          </reporter-output>
        </test-method> <!-- setup -->
        <test-method status="SKIP" signature="addItem(java.lang.String, java.lang.String)[pri:0, instance:com.uiautomation.testcases.ItemPageTests@17579e0f]" name="addItem" duration-ms="0" started-at="2021-09-05T09:54:37 BST" data-provider="getTaskData" finished-at="2021-09-05T09:54:37 BST">
          <exception class="org.openqa.selenium.SessionNotCreatedException">
            <message>
              <![CDATA[session not created: This version of ChromeDriver only supports Chrome version 83
Build info: version: '3.141.59', revision: 'e82be7d358', time: '2018-11-14T08:17:03'
System info: host: 'LAPTOP-P7ODROTG', ip: '192.168.1.85', os.name: 'Windows 10', os.arch: 'amd64', os.version: '10.0', java.version: '1.8.0_231'
Driver info: driver.version: ChromeDriver
remote stacktrace: Backtrace:
Ordinal0 [0x01139563+2725219]
Ordinal0 [0x01038551+1672529]
Ordinal0 [0x00F20359+525145]
Ordinal0 [0x00EB0B77+68471]
Ordinal0 [0x00EAD32C+54060]
Ordinal0 [0x00ECCC37+183351]
Ordinal0 [0x00ECCA3D+182845]
Ordinal0 [0x00ECA94B+174411]
Ordinal0 [0x00EB2528+75048]
Ordinal0 [0x00EB35A0+79264]
Ordinal0 [0x00EB3539+79161]
Ordinal0 [0x0104D607+1758727]
GetHandleVerifier [0x01256546+1050150]
GetHandleVerifier [0x01256291+1049457]
GetHandleVerifier [0x012610D7+1094071]
GetHandleVerifier [0x01256B46+1051686]
Ordinal0 [0x01045B06+1727238]
Ordinal0 [0x0104EB7B+1764219]
Ordinal0 [0x0104ECE3+1764579]
Ordinal0 [0x01064C05+1854469]
BaseThreadInitThunk [0x75EA6739+25]
RtlGetFullPathName_UEx [0x776F8AFF+1215]
RtlGetFullPathName_UEx [0x776F8ACD+1165]
]]>
            </message>
            <full-stacktrace>
              <![CDATA[org.openqa.selenium.SessionNotCreatedException: session not created: This version of ChromeDriver only supports Chrome version 83
Build info: version: '3.141.59', revision: 'e82be7d358', time: '2018-11-14T08:17:03'
System info: host: 'LAPTOP-P7ODROTG', ip: '192.168.1.85', os.name: 'Windows 10', os.arch: 'amd64', os.version: '10.0', java.version: '1.8.0_231'
Driver info: driver.version: ChromeDriver
remote stacktrace: Backtrace:
Ordinal0 [0x01139563+2725219]
Ordinal0 [0x01038551+1672529]
Ordinal0 [0x00F20359+525145]
Ordinal0 [0x00EB0B77+68471]
Ordinal0 [0x00EAD32C+54060]
Ordinal0 [0x00ECCC37+183351]
Ordinal0 [0x00ECCA3D+182845]
Ordinal0 [0x00ECA94B+174411]
Ordinal0 [0x00EB2528+75048]
Ordinal0 [0x00EB35A0+79264]
Ordinal0 [0x00EB3539+79161]
Ordinal0 [0x0104D607+1758727]
GetHandleVerifier [0x01256546+1050150]
GetHandleVerifier [0x01256291+1049457]
GetHandleVerifier [0x012610D7+1094071]
GetHandleVerifier [0x01256B46+1051686]
Ordinal0 [0x01045B06+1727238]
Ordinal0 [0x0104EB7B+1764219]
Ordinal0 [0x0104ECE3+1764579]
Ordinal0 [0x01064C05+1854469]
BaseThreadInitThunk [0x75EA6739+25]
RtlGetFullPathName_UEx [0x776F8AFF+1215]
RtlGetFullPathName_UEx [0x776F8ACD+1165]

at sun.reflect.NativeConstructorAccessorImpl.newInstance0(Native Method)
at sun.reflect.NativeConstructorAccessorImpl.newInstance(NativeConstructorAccessorImpl.java:62)
at sun.reflect.DelegatingConstructorAccessorImpl.newInstance(DelegatingConstructorAccessorImpl.java:45)
at java.lang.reflect.Constructor.newInstance(Constructor.java:423)
at org.openqa.selenium.remote.W3CHandshakeResponse.lambda$errorHandler$0(W3CHandshakeResponse.java:62)
at org.openqa.selenium.remote.HandshakeResponse.lambda$getResponseFunction$0(HandshakeResponse.java:30)
at org.openqa.selenium.remote.ProtocolHandshake.lambda$createSession$0(ProtocolHandshake.java:126)
at java.util.stream.ReferencePipeline$3$1.accept(ReferencePipeline.java:193)
at java.util.Spliterators$ArraySpliterator.tryAdvance(Spliterators.java:958)
at java.util.stream.ReferencePipeline.forEachWithCancel(ReferencePipeline.java:126)
at java.util.stream.AbstractPipeline.copyIntoWithCancel(AbstractPipeline.java:499)
at java.util.stream.AbstractPipeline.copyInto(AbstractPipeline.java:486)
at java.util.stream.AbstractPipeline.wrapAndCopyInto(AbstractPipeline.java:472)
at java.util.stream.FindOps$FindOp.evaluateSequential(FindOps.java:152)
at java.util.stream.AbstractPipeline.evaluate(AbstractPipeline.java:234)
at java.util.stream.ReferencePipeline.findFirst(ReferencePipeline.java:464)
at org.openqa.selenium.remote.ProtocolHandshake.createSession(ProtocolHandshake.java:128)
at org.openqa.selenium.remote.ProtocolHandshake.createSession(ProtocolHandshake.java:74)
at org.openqa.selenium.remote.HttpCommandExecutor.execute(HttpCommandExecutor.java:136)
at org.openqa.selenium.remote.service.DriverCommandExecutor.execute(DriverCommandExecutor.java:83)
at org.openqa.selenium.remote.RemoteWebDriver.execute(RemoteWebDriver.java:552)
at org.openqa.selenium.remote.RemoteWebDriver.startSession(RemoteWebDriver.java:213)
at org.openqa.selenium.remote.RemoteWebDriver.<init>(RemoteWebDriver.java:131)
at org.openqa.selenium.chrome.ChromeDriver.<init>(ChromeDriver.java:181)
at org.openqa.selenium.chrome.ChromeDriver.<init>(ChromeDriver.java:168)
at org.openqa.selenium.chrome.ChromeDriver.<init>(ChromeDriver.java:157)
at com.uiautomation.base.BaseClass.initialization(BaseClass.java:58)
at com.uiautomation.testcases.ItemPageTests.setup(ItemPageTests.java:33)
at sun.reflect.NativeMethodAccessorImpl.invoke0(Native Method)
at sun.reflect.NativeMethodAccessorImpl.invoke(NativeMethodAccessorImpl.java:62)
at sun.reflect.DelegatingMethodAccessorImpl.invoke(DelegatingMethodAccessorImpl.java:43)
at java.lang.reflect.Method.invoke(Method.java:498)
at org.testng.internal.MethodInvocationHelper.invokeMethod(MethodInvocationHelper.java:134)
at org.testng.internal.MethodInvocationHelper.invokeMethodConsideringTimeout(MethodInvocationHelper.java:63)
at org.testng.internal.ConfigInvoker.invokeConfigurationMethod(ConfigInvoker.java:348)
at org.testng.internal.ConfigInvoker.invokeConfigurations(ConfigInvoker.java:302)
at org.testng.internal.TestInvoker.runConfigMethods(TestInvoker.java:695)
at org.testng.internal.TestInvoker.invokeMethod(TestInvoker.java:523)
at org.testng.internal.TestInvoker.invokeTestMethod(TestInvoker.java:173)
at org.testng.internal.MethodRunner.runInSequence(MethodRunner.java:46)
at org.testng.internal.TestInvoker$MethodInvocationAgent.invoke(TestInvoker.java:816)
at org.testng.internal.TestInvoker.invokeTestMethods(TestInvoker.java:146)
at org.testng.internal.TestMethodWorker.invokeTestMethods(TestMethodWorker.java:146)
at org.testng.internal.TestMethodWorker.run(TestMethodWorker.java:128)
at java.util.concurrent.ThreadPoolExecutor.runWorker(ThreadPoolExecutor.java:1149)
at java.util.concurrent.ThreadPoolExecutor$Worker.run(ThreadPoolExecutor.java:624)
at java.lang.Thread.run(Thread.java:748)
]]>
            </full-stacktrace>
          </exception> <!-- org.openqa.selenium.SessionNotCreatedException -->
          <reporter-output>
          </reporter-output>
        </test-method> <!-- addItem -->
        <test-method status="SKIP" signature="tearDown()[pri:0, instance:com.uiautomation.testcases.ItemPageTests@17579e0f]" name="tearDown" is-config="true" duration-ms="-1630832077451" started-at="2021-09-05T09:54:37 BST" finished-at="1970-01-01T01:00:00 GMT">
          <reporter-output>
          </reporter-output>
        </test-method> <!-- tearDown -->
      </class> <!-- com.uiautomation.testcases.ItemPageTests -->
      <class name="com.uiautomation.testcases.LaunchPageTests">
        <test-method status="FAIL" signature="setup()[pri:0, instance:com.uiautomation.testcases.LaunchPageTests@4b1c1ea0]" name="setup" is-config="true" duration-ms="15517" started-at="2021-09-05T09:54:21 BST" finished-at="2021-09-05T09:54:37 BST">
          <exception class="org.openqa.selenium.SessionNotCreatedException">
            <message>
              <![CDATA[session not created: This version of ChromeDriver only supports Chrome version 83
Build info: version: '3.141.59', revision: 'e82be7d358', time: '2018-11-14T08:17:03'
System info: host: 'LAPTOP-P7ODROTG', ip: '192.168.1.85', os.name: 'Windows 10', os.arch: 'amd64', os.version: '10.0', java.version: '1.8.0_231'
Driver info: driver.version: ChromeDriver
remote stacktrace: Backtrace:
Ordinal0 [0x01139563+2725219]
Ordinal0 [0x01038551+1672529]
Ordinal0 [0x00F20359+525145]
Ordinal0 [0x00EB0B77+68471]
Ordinal0 [0x00EAD32C+54060]
Ordinal0 [0x00ECCC37+183351]
Ordinal0 [0x00ECCA3D+182845]
Ordinal0 [0x00ECA94B+174411]
Ordinal0 [0x00EB2528+75048]
Ordinal0 [0x00EB35A0+79264]
Ordinal0 [0x00EB3539+79161]
Ordinal0 [0x0104D607+1758727]
GetHandleVerifier [0x01256546+1050150]
GetHandleVerifier [0x01256291+1049457]
GetHandleVerifier [0x012610D7+1094071]
GetHandleVerifier [0x01256B46+1051686]
Ordinal0 [0x01045B06+1727238]
Ordinal0 [0x0104EB7B+1764219]
Ordinal0 [0x0104ECE3+1764579]
Ordinal0 [0x01064C05+1854469]
BaseThreadInitThunk [0x75EA6739+25]
RtlGetFullPathName_UEx [0x776F8AFF+1215]
RtlGetFullPathName_UEx [0x776F8ACD+1165]
]]>
            </message>
            <full-stacktrace>
              <![CDATA[org.openqa.selenium.SessionNotCreatedException: session not created: This version of ChromeDriver only supports Chrome version 83
Build info: version: '3.141.59', revision: 'e82be7d358', time: '2018-11-14T08:17:03'
System info: host: 'LAPTOP-P7ODROTG', ip: '192.168.1.85', os.name: 'Windows 10', os.arch: 'amd64', os.version: '10.0', java.version: '1.8.0_231'
Driver info: driver.version: ChromeDriver
remote stacktrace: Backtrace:
Ordinal0 [0x01139563+2725219]
Ordinal0 [0x01038551+1672529]
Ordinal0 [0x00F20359+525145]
Ordinal0 [0x00EB0B77+68471]
Ordinal0 [0x00EAD32C+54060]
Ordinal0 [0x00ECCC37+183351]
Ordinal0 [0x00ECCA3D+182845]
Ordinal0 [0x00ECA94B+174411]
Ordinal0 [0x00EB2528+75048]
Ordinal0 [0x00EB35A0+79264]
Ordinal0 [0x00EB3539+79161]
Ordinal0 [0x0104D607+1758727]
GetHandleVerifier [0x01256546+1050150]
GetHandleVerifier [0x01256291+1049457]
GetHandleVerifier [0x012610D7+1094071]
GetHandleVerifier [0x01256B46+1051686]
Ordinal0 [0x01045B06+1727238]
Ordinal0 [0x0104EB7B+1764219]
Ordinal0 [0x0104ECE3+1764579]
Ordinal0 [0x01064C05+1854469]
BaseThreadInitThunk [0x75EA6739+25]
RtlGetFullPathName_UEx [0x776F8AFF+1215]
RtlGetFullPathName_UEx [0x776F8ACD+1165]

at sun.reflect.NativeConstructorAccessorImpl.newInstance0(Native Method)
at sun.reflect.NativeConstructorAccessorImpl.newInstance(NativeConstructorAccessorImpl.java:62)
at sun.reflect.DelegatingConstructorAccessorImpl.newInstance(DelegatingConstructorAccessorImpl.java:45)
at java.lang.reflect.Constructor.newInstance(Constructor.java:423)
at org.openqa.selenium.remote.W3CHandshakeResponse.lambda$errorHandler$0(W3CHandshakeResponse.java:62)
at org.openqa.selenium.remote.HandshakeResponse.lambda$getResponseFunction$0(HandshakeResponse.java:30)
at org.openqa.selenium.remote.ProtocolHandshake.lambda$createSession$0(ProtocolHandshake.java:126)
at java.util.stream.ReferencePipeline$3$1.accept(ReferencePipeline.java:193)
at java.util.Spliterators$ArraySpliterator.tryAdvance(Spliterators.java:958)
at java.util.stream.ReferencePipeline.forEachWithCancel(ReferencePipeline.java:126)
at java.util.stream.AbstractPipeline.copyIntoWithCancel(AbstractPipeline.java:499)
at java.util.stream.AbstractPipeline.copyInto(AbstractPipeline.java:486)
at java.util.stream.AbstractPipeline.wrapAndCopyInto(AbstractPipeline.java:472)
at java.util.stream.FindOps$FindOp.evaluateSequential(FindOps.java:152)
at java.util.stream.AbstractPipeline.evaluate(AbstractPipeline.java:234)
at java.util.stream.ReferencePipeline.findFirst(ReferencePipeline.java:464)
at org.openqa.selenium.remote.ProtocolHandshake.createSession(ProtocolHandshake.java:128)
at org.openqa.selenium.remote.ProtocolHandshake.createSession(ProtocolHandshake.java:74)
at org.openqa.selenium.remote.HttpCommandExecutor.execute(HttpCommandExecutor.java:136)
at org.openqa.selenium.remote.service.DriverCommandExecutor.execute(DriverCommandExecutor.java:83)
at org.openqa.selenium.remote.RemoteWebDriver.execute(RemoteWebDriver.java:552)
at org.openqa.selenium.remote.RemoteWebDriver.startSession(RemoteWebDriver.java:213)
at org.openqa.selenium.remote.RemoteWebDriver.<init>(RemoteWebDriver.java:131)
at org.openqa.selenium.chrome.ChromeDriver.<init>(ChromeDriver.java:181)
at org.openqa.selenium.chrome.ChromeDriver.<init>(ChromeDriver.java:168)
at org.openqa.selenium.chrome.ChromeDriver.<init>(ChromeDriver.java:157)
at com.uiautomation.base.BaseClass.initialization(BaseClass.java:58)
at com.uiautomation.testcases.LaunchPageTests.setup(LaunchPageTests.java:22)
at sun.reflect.NativeMethodAccessorImpl.invoke0(Native Method)
at sun.reflect.NativeMethodAccessorImpl.invoke(NativeMethodAccessorImpl.java:62)
at sun.reflect.DelegatingMethodAccessorImpl.invoke(DelegatingMethodAccessorImpl.java:43)
at java.lang.reflect.Method.invoke(Method.java:498)
at org.testng.internal.MethodInvocationHelper.invokeMethod(MethodInvocationHelper.java:134)
at org.testng.internal.MethodInvocationHelper.invokeMethodConsideringTimeout(MethodInvocationHelper.java:63)
at org.testng.internal.ConfigInvoker.invokeConfigurationMethod(ConfigInvoker.java:348)
at org.testng.internal.ConfigInvoker.invokeConfigurations(ConfigInvoker.java:302)
at org.testng.internal.TestInvoker.runConfigMethods(TestInvoker.java:695)
at org.testng.internal.TestInvoker.invokeMethod(TestInvoker.java:523)
at org.testng.internal.TestInvoker.invokeTestMethod(TestInvoker.java:173)
at org.testng.internal.MethodRunner.runInSequence(MethodRunner.java:46)
at org.testng.internal.TestInvoker$MethodInvocationAgent.invoke(TestInvoker.java:816)
at org.testng.internal.TestInvoker.invokeTestMethods(TestInvoker.java:146)
at org.testng.internal.TestMethodWorker.invokeTestMethods(TestMethodWorker.java:146)
at org.testng.internal.TestMethodWorker.run(TestMethodWorker.java:128)
at java.util.concurrent.ThreadPoolExecutor.runWorker(ThreadPoolExecutor.java:1149)
at java.util.concurrent.ThreadPoolExecutor$Worker.run(ThreadPoolExecutor.java:624)
at java.lang.Thread.run(Thread.java:748)
]]>
            </full-stacktrace>
          </exception> <!-- org.openqa.selenium.SessionNotCreatedException -->
          <reporter-output>
          </reporter-output>
        </test-method> <!-- setup -->
        <test-method status="SKIP" signature="clickOnLoginButton()[pri:0, instance:com.uiautomation.testcases.LaunchPageTests@4b1c1ea0]" name="clickOnLoginButton" duration-ms="0" started-at="2021-09-05T09:54:37 BST" finished-at="2021-09-05T09:54:37 BST">
          <exception class="org.openqa.selenium.SessionNotCreatedException">
            <message>
              <![CDATA[session not created: This version of ChromeDriver only supports Chrome version 83
Build info: version: '3.141.59', revision: 'e82be7d358', time: '2018-11-14T08:17:03'
System info: host: 'LAPTOP-P7ODROTG', ip: '192.168.1.85', os.name: 'Windows 10', os.arch: 'amd64', os.version: '10.0', java.version: '1.8.0_231'
Driver info: driver.version: ChromeDriver
remote stacktrace: Backtrace:
Ordinal0 [0x01139563+2725219]
Ordinal0 [0x01038551+1672529]
Ordinal0 [0x00F20359+525145]
Ordinal0 [0x00EB0B77+68471]
Ordinal0 [0x00EAD32C+54060]
Ordinal0 [0x00ECCC37+183351]
Ordinal0 [0x00ECCA3D+182845]
Ordinal0 [0x00ECA94B+174411]
Ordinal0 [0x00EB2528+75048]
Ordinal0 [0x00EB35A0+79264]
Ordinal0 [0x00EB3539+79161]
Ordinal0 [0x0104D607+1758727]
GetHandleVerifier [0x01256546+1050150]
GetHandleVerifier [0x01256291+1049457]
GetHandleVerifier [0x012610D7+1094071]
GetHandleVerifier [0x01256B46+1051686]
Ordinal0 [0x01045B06+1727238]
Ordinal0 [0x0104EB7B+1764219]
Ordinal0 [0x0104ECE3+1764579]
Ordinal0 [0x01064C05+1854469]
BaseThreadInitThunk [0x75EA6739+25]
RtlGetFullPathName_UEx [0x776F8AFF+1215]
RtlGetFullPathName_UEx [0x776F8ACD+1165]
]]>
            </message>
            <full-stacktrace>
              <![CDATA[org.openqa.selenium.SessionNotCreatedException: session not created: This version of ChromeDriver only supports Chrome version 83
Build info: version: '3.141.59', revision: 'e82be7d358', time: '2018-11-14T08:17:03'
System info: host: 'LAPTOP-P7ODROTG', ip: '192.168.1.85', os.name: 'Windows 10', os.arch: 'amd64', os.version: '10.0', java.version: '1.8.0_231'
Driver info: driver.version: ChromeDriver
remote stacktrace: Backtrace:
Ordinal0 [0x01139563+2725219]
Ordinal0 [0x01038551+1672529]
Ordinal0 [0x00F20359+525145]
Ordinal0 [0x00EB0B77+68471]
Ordinal0 [0x00EAD32C+54060]
Ordinal0 [0x00ECCC37+183351]
Ordinal0 [0x00ECCA3D+182845]
Ordinal0 [0x00ECA94B+174411]
Ordinal0 [0x00EB2528+75048]
Ordinal0 [0x00EB35A0+79264]
Ordinal0 [0x00EB3539+79161]
Ordinal0 [0x0104D607+1758727]
GetHandleVerifier [0x01256546+1050150]
GetHandleVerifier [0x01256291+1049457]
GetHandleVerifier [0x012610D7+1094071]
GetHandleVerifier [0x01256B46+1051686]
Ordinal0 [0x01045B06+1727238]
Ordinal0 [0x0104EB7B+1764219]
Ordinal0 [0x0104ECE3+1764579]
Ordinal0 [0x01064C05+1854469]
BaseThreadInitThunk [0x75EA6739+25]
RtlGetFullPathName_UEx [0x776F8AFF+1215]
RtlGetFullPathName_UEx [0x776F8ACD+1165]

at sun.reflect.NativeConstructorAccessorImpl.newInstance0(Native Method)
at sun.reflect.NativeConstructorAccessorImpl.newInstance(NativeConstructorAccessorImpl.java:62)
at sun.reflect.DelegatingConstructorAccessorImpl.newInstance(DelegatingConstructorAccessorImpl.java:45)
at java.lang.reflect.Constructor.newInstance(Constructor.java:423)
at org.openqa.selenium.remote.W3CHandshakeResponse.lambda$errorHandler$0(W3CHandshakeResponse.java:62)
at org.openqa.selenium.remote.HandshakeResponse.lambda$getResponseFunction$0(HandshakeResponse.java:30)
at org.openqa.selenium.remote.ProtocolHandshake.lambda$createSession$0(ProtocolHandshake.java:126)
at java.util.stream.ReferencePipeline$3$1.accept(ReferencePipeline.java:193)
at java.util.Spliterators$ArraySpliterator.tryAdvance(Spliterators.java:958)
at java.util.stream.ReferencePipeline.forEachWithCancel(ReferencePipeline.java:126)
at java.util.stream.AbstractPipeline.copyIntoWithCancel(AbstractPipeline.java:499)
at java.util.stream.AbstractPipeline.copyInto(AbstractPipeline.java:486)
at java.util.stream.AbstractPipeline.wrapAndCopyInto(AbstractPipeline.java:472)
at java.util.stream.FindOps$FindOp.evaluateSequential(FindOps.java:152)
at java.util.stream.AbstractPipeline.evaluate(AbstractPipeline.java:234)
at java.util.stream.ReferencePipeline.findFirst(ReferencePipeline.java:464)
at org.openqa.selenium.remote.ProtocolHandshake.createSession(ProtocolHandshake.java:128)
at org.openqa.selenium.remote.ProtocolHandshake.createSession(ProtocolHandshake.java:74)
at org.openqa.selenium.remote.HttpCommandExecutor.execute(HttpCommandExecutor.java:136)
at org.openqa.selenium.remote.service.DriverCommandExecutor.execute(DriverCommandExecutor.java:83)
at org.openqa.selenium.remote.RemoteWebDriver.execute(RemoteWebDriver.java:552)
at org.openqa.selenium.remote.RemoteWebDriver.startSession(RemoteWebDriver.java:213)
at org.openqa.selenium.remote.RemoteWebDriver.<init>(RemoteWebDriver.java:131)
at org.openqa.selenium.chrome.ChromeDriver.<init>(ChromeDriver.java:181)
at org.openqa.selenium.chrome.ChromeDriver.<init>(ChromeDriver.java:168)
at org.openqa.selenium.chrome.ChromeDriver.<init>(ChromeDriver.java:157)
at com.uiautomation.base.BaseClass.initialization(BaseClass.java:58)
at com.uiautomation.testcases.LaunchPageTests.setup(LaunchPageTests.java:22)
at sun.reflect.NativeMethodAccessorImpl.invoke0(Native Method)
at sun.reflect.NativeMethodAccessorImpl.invoke(NativeMethodAccessorImpl.java:62)
at sun.reflect.DelegatingMethodAccessorImpl.invoke(DelegatingMethodAccessorImpl.java:43)
at java.lang.reflect.Method.invoke(Method.java:498)
at org.testng.internal.MethodInvocationHelper.invokeMethod(MethodInvocationHelper.java:134)
at org.testng.internal.MethodInvocationHelper.invokeMethodConsideringTimeout(MethodInvocationHelper.java:63)
at org.testng.internal.ConfigInvoker.invokeConfigurationMethod(ConfigInvoker.java:348)
at org.testng.internal.ConfigInvoker.invokeConfigurations(ConfigInvoker.java:302)
at org.testng.internal.TestInvoker.runConfigMethods(TestInvoker.java:695)
at org.testng.internal.TestInvoker.invokeMethod(TestInvoker.java:523)
at org.testng.internal.TestInvoker.invokeTestMethod(TestInvoker.java:173)
at org.testng.internal.MethodRunner.runInSequence(MethodRunner.java:46)
at org.testng.internal.TestInvoker$MethodInvocationAgent.invoke(TestInvoker.java:816)
at org.testng.internal.TestInvoker.invokeTestMethods(TestInvoker.java:146)
at org.testng.internal.TestMethodWorker.invokeTestMethods(TestMethodWorker.java:146)
at org.testng.internal.TestMethodWorker.run(TestMethodWorker.java:128)
at java.util.concurrent.ThreadPoolExecutor.runWorker(ThreadPoolExecutor.java:1149)
at java.util.concurrent.ThreadPoolExecutor$Worker.run(ThreadPoolExecutor.java:624)
at java.lang.Thread.run(Thread.java:748)
]]>
            </full-stacktrace>
          </exception> <!-- org.openqa.selenium.SessionNotCreatedException -->
          <reporter-output>
          </reporter-output>
        </test-method> <!-- clickOnLoginButton -->
        <test-method status="SKIP" signature="Teardown()[pri:0, instance:com.uiautomation.testcases.LaunchPageTests@4b1c1ea0]" name="Teardown" is-config="true" duration-ms="-1630832077416" started-at="2021-09-05T09:54:37 BST" finished-at="1970-01-01T01:00:00 GMT">
          <reporter-output>
          </reporter-output>
        </test-method> <!-- Teardown -->
      </class> <!-- com.uiautomation.testcases.LaunchPageTests -->
    </test> <!-- Test123 -->
  </suite> <!-- Suite123 -->
</testng-results>
