<?xml version="1.0" encoding="UTF-8"?>
<!-- Generated by org.testng.reporters.JUnitXMLReporter -->
<testsuite hostname="LAPTOP-P7ODROTG" ignored="0" name="Test123" tests="6" failures="0" timestamp="2021-09-05T09:54:37 BST" time="15.741" errors="0">
  <testcase name="@BeforeMethod setup" time="15.517" classname="com.uiautomation.testcases.LaunchPageTests">
    <failure type="org.openqa.selenium.SessionNotCreatedException" message="session not created: This version of ChromeDriver only supports Chrome version 83
Build info: version: &amp;apos;3.141.59&amp;apos;, revision: &amp;apos;e82be7d358&amp;apos;, time: &amp;apos;2018-11-14T08:17:03&amp;apos;
System info: host: &amp;apos;LAPTOP-P7ODROTG&amp;apos;, ip: &amp;apos;192.168.1.85&amp;apos;, os.name: &amp;apos;Windows 10&amp;apos;, os.arch: &amp;apos;amd64&amp;apos;, os.version: &amp;apos;10.0&amp;apos;, java.version: &amp;apos;1.8.0_231&amp;apos;
Driver info: driver.version: ChromeDriver
remote stacktrace: Backtrace:
	Ordinal0 [0x01139563+2725219]
	Ordinal0 [0x01038551+1672529]
	Ordinal0 [0x00F20359+525145]
	Ordinal0 [0x00EB0B77+68471]
	Ordinal0 [0x00EAD32C+54060]
	Ordinal0 [0x00ECCC37+183351]
	Ordinal0 [0x00ECCA3D+182845]
	Ordinal0 [0x00ECA94B+174411]
	Ordinal0 [0x00EB2528+75048]
	Ordinal0 [0x00EB35A0+79264]
	Ordinal0 [0x00EB3539+79161]
	Ordinal0 [0x0104D607+1758727]
	GetHandleVerifier [0x01256546+1050150]
	GetHandleVerifier [0x01256291+1049457]
	GetHandleVerifier [0x012610D7+1094071]
	GetHandleVerifier [0x01256B46+1051686]
	Ordinal0 [0x01045B06+1727238]
	Ordinal0 [0x0104EB7B+1764219]
	Ordinal0 [0x0104ECE3+1764579]
	Ordinal0 [0x01064C05+1854469]
	BaseThreadInitThunk [0x75EA6739+25]
	RtlGetFullPathName_UEx [0x776F8AFF+1215]
	RtlGetFullPathName_UEx [0x776F8ACD+1165]
">
      <![CDATA[org.openqa.selenium.SessionNotCreatedException: session not created: This version of ChromeDriver only supports Chrome version 83
Build info: version: '3.141.59', revision: 'e82be7d358', time: '2018-11-14T08:17:03'
System info: host: 'LAPTOP-P7ODROTG', ip: '192.168.1.85', os.name: 'Windows 10', os.arch: 'amd64', os.version: '10.0', java.version: '1.8.0_231'
Driver info: driver.version: ChromeDriver
remote stacktrace: Backtrace:
Ordinal0 [0x01139563+2725219]
Ordinal0 [0x01038551+1672529]
Ordinal0 [0x00F20359+525145]
Ordinal0 [0x00EB0B77+68471]
Ordinal0 [0x00EAD32C+54060]
Ordinal0 [0x00ECCC37+183351]
Ordinal0 [0x00ECCA3D+182845]
Ordinal0 [0x00ECA94B+174411]
Ordinal0 [0x00EB2528+75048]
Ordinal0 [0x00EB35A0+79264]
Ordinal0 [0x00EB3539+79161]
Ordinal0 [0x0104D607+1758727]
GetHandleVerifier [0x01256546+1050150]
GetHandleVerifier [0x01256291+1049457]
GetHandleVerifier [0x012610D7+1094071]
GetHandleVerifier [0x01256B46+1051686]
Ordinal0 [0x01045B06+1727238]
Ordinal0 [0x0104EB7B+1764219]
Ordinal0 [0x0104ECE3+1764579]
Ordinal0 [0x01064C05+1854469]
BaseThreadInitThunk [0x75EA6739+25]
RtlGetFullPathName_UEx [0x776F8AFF+1215]
RtlGetFullPathName_UEx [0x776F8ACD+1165]

at sun.reflect.NativeConstructorAccessorImpl.newInstance0(Native Method)
at sun.reflect.NativeConstructorAccessorImpl.newInstance(NativeConstructorAccessorImpl.java:62)
at sun.reflect.DelegatingConstructorAccessorImpl.newInstance(DelegatingConstructorAccessorImpl.java:45)
at java.lang.reflect.Constructor.newInstance(Constructor.java:423)
at org.openqa.selenium.remote.W3CHandshakeResponse.lambda$errorHandler$0(W3CHandshakeResponse.java:62)
at org.openqa.selenium.remote.HandshakeResponse.lambda$getResponseFunction$0(HandshakeResponse.java:30)
at org.openqa.selenium.remote.ProtocolHandshake.lambda$createSession$0(ProtocolHandshake.java:126)
at java.util.stream.ReferencePipeline$3$1.accept(ReferencePipeline.java:193)
at java.util.Spliterators$ArraySpliterator.tryAdvance(Spliterators.java:958)
at java.util.stream.ReferencePipeline.forEachWithCancel(ReferencePipeline.java:126)
at java.util.stream.AbstractPipeline.copyIntoWithCancel(AbstractPipeline.java:499)
at java.util.stream.AbstractPipeline.copyInto(AbstractPipeline.java:486)
at java.util.stream.AbstractPipeline.wrapAndCopyInto(AbstractPipeline.java:472)
at java.util.stream.FindOps$FindOp.evaluateSequential(FindOps.java:152)
at java.util.stream.AbstractPipeline.evaluate(AbstractPipeline.java:234)
at java.util.stream.ReferencePipeline.findFirst(ReferencePipeline.java:464)
at org.openqa.selenium.remote.ProtocolHandshake.createSession(ProtocolHandshake.java:128)
at org.openqa.selenium.remote.ProtocolHandshake.createSession(ProtocolHandshake.java:74)
at org.openqa.selenium.remote.HttpCommandExecutor.execute(HttpCommandExecutor.java:136)
at org.openqa.selenium.remote.service.DriverCommandExecutor.execute(DriverCommandExecutor.java:83)
at org.openqa.selenium.remote.RemoteWebDriver.execute(RemoteWebDriver.java:552)
at org.openqa.selenium.remote.RemoteWebDriver.startSession(RemoteWebDriver.java:213)
at org.openqa.selenium.remote.RemoteWebDriver.<init>(RemoteWebDriver.java:131)
at org.openqa.selenium.chrome.ChromeDriver.<init>(ChromeDriver.java:181)
at org.openqa.selenium.chrome.ChromeDriver.<init>(ChromeDriver.java:168)
at org.openqa.selenium.chrome.ChromeDriver.<init>(ChromeDriver.java:157)
at com.uiautomation.base.BaseClass.initialization(BaseClass.java:58)
at com.uiautomation.testcases.LaunchPageTests.setup(LaunchPageTests.java:22)
at sun.reflect.NativeMethodAccessorImpl.invoke0(Native Method)
at sun.reflect.NativeMethodAccessorImpl.invoke(NativeMethodAccessorImpl.java:62)
at sun.reflect.DelegatingMethodAccessorImpl.invoke(DelegatingMethodAccessorImpl.java:43)
at java.lang.reflect.Method.invoke(Method.java:498)
at org.testng.internal.MethodInvocationHelper.invokeMethod(MethodInvocationHelper.java:134)
at org.testng.internal.MethodInvocationHelper.invokeMethodConsideringTimeout(MethodInvocationHelper.java:63)
at org.testng.internal.ConfigInvoker.invokeConfigurationMethod(ConfigInvoker.java:348)
at org.testng.internal.ConfigInvoker.invokeConfigurations(ConfigInvoker.java:302)
at org.testng.internal.TestInvoker.runConfigMethods(TestInvoker.java:695)
at org.testng.internal.TestInvoker.invokeMethod(TestInvoker.java:523)
at org.testng.internal.TestInvoker.invokeTestMethod(TestInvoker.java:173)
at org.testng.internal.MethodRunner.runInSequence(MethodRunner.java:46)
at org.testng.internal.TestInvoker$MethodInvocationAgent.invoke(TestInvoker.java:816)
at org.testng.internal.TestInvoker.invokeTestMethods(TestInvoker.java:146)
at org.testng.internal.TestMethodWorker.invokeTestMethods(TestMethodWorker.java:146)
at org.testng.internal.TestMethodWorker.run(TestMethodWorker.java:128)
at java.util.concurrent.ThreadPoolExecutor.runWorker(ThreadPoolExecutor.java:1149)
at java.util.concurrent.ThreadPoolExecutor$Worker.run(ThreadPoolExecutor.java:624)
at java.lang.Thread.run(Thread.java:748)
]]>
    </failure>
  </testcase> <!-- @BeforeMethod setup -->
  <testcase name="@BeforeMethod setup" time="14.947" classname="com.uiautomation.testcases.ItemPageTests">
    <failure type="org.openqa.selenium.SessionNotCreatedException" message="session not created: This version of ChromeDriver only supports Chrome version 83
Build info: version: &amp;apos;3.141.59&amp;apos;, revision: &amp;apos;e82be7d358&amp;apos;, time: &amp;apos;2018-11-14T08:17:03&amp;apos;
System info: host: &amp;apos;LAPTOP-P7ODROTG&amp;apos;, ip: &amp;apos;192.168.1.85&amp;apos;, os.name: &amp;apos;Windows 10&amp;apos;, os.arch: &amp;apos;amd64&amp;apos;, os.version: &amp;apos;10.0&amp;apos;, java.version: &amp;apos;1.8.0_231&amp;apos;
Driver info: driver.version: ChromeDriver
remote stacktrace: Backtrace:
	Ordinal0 [0x01139563+2725219]
	Ordinal0 [0x01038551+1672529]
	Ordinal0 [0x00F20359+525145]
	Ordinal0 [0x00EB0B77+68471]
	Ordinal0 [0x00EAD32C+54060]
	Ordinal0 [0x00ECCC37+183351]
	Ordinal0 [0x00ECCA3D+182845]
	Ordinal0 [0x00ECA94B+174411]
	Ordinal0 [0x00EB2528+75048]
	Ordinal0 [0x00EB35A0+79264]
	Ordinal0 [0x00EB3539+79161]
	Ordinal0 [0x0104D607+1758727]
	GetHandleVerifier [0x01256546+1050150]
	GetHandleVerifier [0x01256291+1049457]
	GetHandleVerifier [0x012610D7+1094071]
	GetHandleVerifier [0x01256B46+1051686]
	Ordinal0 [0x01045B06+1727238]
	Ordinal0 [0x0104EB7B+1764219]
	Ordinal0 [0x0104ECE3+1764579]
	Ordinal0 [0x01064C05+1854469]
	BaseThreadInitThunk [0x75EA6739+25]
	RtlGetFullPathName_UEx [0x776F8AFF+1215]
	RtlGetFullPathName_UEx [0x776F8ACD+1165]
">
      <![CDATA[org.openqa.selenium.SessionNotCreatedException: session not created: This version of ChromeDriver only supports Chrome version 83
Build info: version: '3.141.59', revision: 'e82be7d358', time: '2018-11-14T08:17:03'
System info: host: 'LAPTOP-P7ODROTG', ip: '192.168.1.85', os.name: 'Windows 10', os.arch: 'amd64', os.version: '10.0', java.version: '1.8.0_231'
Driver info: driver.version: ChromeDriver
remote stacktrace: Backtrace:
Ordinal0 [0x01139563+2725219]
Ordinal0 [0x01038551+1672529]
Ordinal0 [0x00F20359+525145]
Ordinal0 [0x00EB0B77+68471]
Ordinal0 [0x00EAD32C+54060]
Ordinal0 [0x00ECCC37+183351]
Ordinal0 [0x00ECCA3D+182845]
Ordinal0 [0x00ECA94B+174411]
Ordinal0 [0x00EB2528+75048]
Ordinal0 [0x00EB35A0+79264]
Ordinal0 [0x00EB3539+79161]
Ordinal0 [0x0104D607+1758727]
GetHandleVerifier [0x01256546+1050150]
GetHandleVerifier [0x01256291+1049457]
GetHandleVerifier [0x012610D7+1094071]
GetHandleVerifier [0x01256B46+1051686]
Ordinal0 [0x01045B06+1727238]
Ordinal0 [0x0104EB7B+1764219]
Ordinal0 [0x0104ECE3+1764579]
Ordinal0 [0x01064C05+1854469]
BaseThreadInitThunk [0x75EA6739+25]
RtlGetFullPathName_UEx [0x776F8AFF+1215]
RtlGetFullPathName_UEx [0x776F8ACD+1165]

at sun.reflect.NativeConstructorAccessorImpl.newInstance0(Native Method)
at sun.reflect.NativeConstructorAccessorImpl.newInstance(NativeConstructorAccessorImpl.java:62)
at sun.reflect.DelegatingConstructorAccessorImpl.newInstance(DelegatingConstructorAccessorImpl.java:45)
at java.lang.reflect.Constructor.newInstance(Constructor.java:423)
at org.openqa.selenium.remote.W3CHandshakeResponse.lambda$errorHandler$0(W3CHandshakeResponse.java:62)
at org.openqa.selenium.remote.HandshakeResponse.lambda$getResponseFunction$0(HandshakeResponse.java:30)
at org.openqa.selenium.remote.ProtocolHandshake.lambda$createSession$0(ProtocolHandshake.java:126)
at java.util.stream.ReferencePipeline$3$1.accept(ReferencePipeline.java:193)
at java.util.Spliterators$ArraySpliterator.tryAdvance(Spliterators.java:958)
at java.util.stream.ReferencePipeline.forEachWithCancel(ReferencePipeline.java:126)
at java.util.stream.AbstractPipeline.copyIntoWithCancel(AbstractPipeline.java:499)
at java.util.stream.AbstractPipeline.copyInto(AbstractPipeline.java:486)
at java.util.stream.AbstractPipeline.wrapAndCopyInto(AbstractPipeline.java:472)
at java.util.stream.FindOps$FindOp.evaluateSequential(FindOps.java:152)
at java.util.stream.AbstractPipeline.evaluate(AbstractPipeline.java:234)
at java.util.stream.ReferencePipeline.findFirst(ReferencePipeline.java:464)
at org.openqa.selenium.remote.ProtocolHandshake.createSession(ProtocolHandshake.java:128)
at org.openqa.selenium.remote.ProtocolHandshake.createSession(ProtocolHandshake.java:74)
at org.openqa.selenium.remote.HttpCommandExecutor.execute(HttpCommandExecutor.java:136)
at org.openqa.selenium.remote.service.DriverCommandExecutor.execute(DriverCommandExecutor.java:83)
at org.openqa.selenium.remote.RemoteWebDriver.execute(RemoteWebDriver.java:552)
at org.openqa.selenium.remote.RemoteWebDriver.startSession(RemoteWebDriver.java:213)
at org.openqa.selenium.remote.RemoteWebDriver.<init>(RemoteWebDriver.java:131)
at org.openqa.selenium.chrome.ChromeDriver.<init>(ChromeDriver.java:181)
at org.openqa.selenium.chrome.ChromeDriver.<init>(ChromeDriver.java:168)
at org.openqa.selenium.chrome.ChromeDriver.<init>(ChromeDriver.java:157)
at com.uiautomation.base.BaseClass.initialization(BaseClass.java:58)
at com.uiautomation.testcases.ItemPageTests.setup(ItemPageTests.java:33)
at sun.reflect.NativeMethodAccessorImpl.invoke0(Native Method)
at sun.reflect.NativeMethodAccessorImpl.invoke(NativeMethodAccessorImpl.java:62)
at sun.reflect.DelegatingMethodAccessorImpl.invoke(DelegatingMethodAccessorImpl.java:43)
at java.lang.reflect.Method.invoke(Method.java:498)
at org.testng.internal.MethodInvocationHelper.invokeMethod(MethodInvocationHelper.java:134)
at org.testng.internal.MethodInvocationHelper.invokeMethodConsideringTimeout(MethodInvocationHelper.java:63)
at org.testng.internal.ConfigInvoker.invokeConfigurationMethod(ConfigInvoker.java:348)
at org.testng.internal.ConfigInvoker.invokeConfigurations(ConfigInvoker.java:302)
at org.testng.internal.TestInvoker.runConfigMethods(TestInvoker.java:695)
at org.testng.internal.TestInvoker.invokeMethod(TestInvoker.java:523)
at org.testng.internal.TestInvoker.invokeTestMethod(TestInvoker.java:173)
at org.testng.internal.MethodRunner.runInSequence(MethodRunner.java:46)
at org.testng.internal.TestInvoker$MethodInvocationAgent.invoke(TestInvoker.java:816)
at org.testng.internal.TestInvoker.invokeTestMethods(TestInvoker.java:146)
at org.testng.internal.TestMethodWorker.invokeTestMethods(TestMethodWorker.java:146)
at org.testng.internal.TestMethodWorker.run(TestMethodWorker.java:128)
at java.util.concurrent.ThreadPoolExecutor.runWorker(ThreadPoolExecutor.java:1149)
at java.util.concurrent.ThreadPoolExecutor$Worker.run(ThreadPoolExecutor.java:624)
at java.lang.Thread.run(Thread.java:748)
]]>
    </failure>
  </testcase> <!-- @BeforeMethod setup -->
  <testcase name="@AfterMethod Teardown" time="-1.630832077416E9" classname="com.uiautomation.testcases.LaunchPageTests">
    <skipped/>
  </testcase> <!-- @AfterMethod Teardown -->
  <testcase name="@AfterMethod tearDown" time="-1.630832077424E9" classname="com.uiautomation.testcases.ItemPageTests">
    <skipped/>
  </testcase> <!-- @AfterMethod tearDown -->
  <testcase name="@BeforeMethod setup" time="-1.630832077426E9" classname="com.uiautomation.testcases.ItemPageTests">
    <skipped/>
  </testcase> <!-- @BeforeMethod setup -->
  <testcase name="@AfterMethod tearDown" time="-1.630832077432E9" classname="com.uiautomation.testcases.ItemPageTests">
    <skipped/>
  </testcase> <!-- @AfterMethod tearDown -->
  <testcase name="@BeforeMethod setup" time="-1.630832077434E9" classname="com.uiautomation.testcases.ItemPageTests">
    <skipped/>
  </testcase> <!-- @BeforeMethod setup -->
  <testcase name="@AfterMethod tearDown" time="-1.630832077441E9" classname="com.uiautomation.testcases.ItemPageTests">
    <skipped/>
  </testcase> <!-- @AfterMethod tearDown -->
  <testcase name="@BeforeMethod setup" time="-1.630832077444E9" classname="com.uiautomation.testcases.ItemPageTests">
    <skipped/>
  </testcase> <!-- @BeforeMethod setup -->
  <testcase name="@AfterMethod tearDown" time="-1.630832077451E9" classname="com.uiautomation.testcases.ItemPageTests">
    <skipped/>
  </testcase> <!-- @AfterMethod tearDown -->
  <testcase name="@BeforeMethod setup" time="15.694" classname="com.uiautomation.testcases.LoginPageTests">
    <failure type="org.openqa.selenium.SessionNotCreatedException" message="session not created: This version of ChromeDriver only supports Chrome version 83
Build info: version: &amp;apos;3.141.59&amp;apos;, revision: &amp;apos;e82be7d358&amp;apos;, time: &amp;apos;2018-11-14T08:17:03&amp;apos;
System info: host: &amp;apos;LAPTOP-P7ODROTG&amp;apos;, ip: &amp;apos;192.168.1.85&amp;apos;, os.name: &amp;apos;Windows 10&amp;apos;, os.arch: &amp;apos;amd64&amp;apos;, os.version: &amp;apos;10.0&amp;apos;, java.version: &amp;apos;1.8.0_231&amp;apos;
Driver info: driver.version: ChromeDriver
remote stacktrace: Backtrace:
	Ordinal0 [0x01139563+2725219]
	Ordinal0 [0x01038551+1672529]
	Ordinal0 [0x00F20359+525145]
	Ordinal0 [0x00EB0B77+68471]
	Ordinal0 [0x00EAD32C+54060]
	Ordinal0 [0x00ECCC37+183351]
	Ordinal0 [0x00ECCA3D+182845]
	Ordinal0 [0x00ECA94B+174411]
	Ordinal0 [0x00EB2528+75048]
	Ordinal0 [0x00EB35A0+79264]
	Ordinal0 [0x00EB3539+79161]
	Ordinal0 [0x0104D607+1758727]
	GetHandleVerifier [0x01256546+1050150]
	GetHandleVerifier [0x01256291+1049457]
	GetHandleVerifier [0x012610D7+1094071]
	GetHandleVerifier [0x01256B46+1051686]
	Ordinal0 [0x01045B06+1727238]
	Ordinal0 [0x0104EB7B+1764219]
	Ordinal0 [0x0104ECE3+1764579]
	Ordinal0 [0x01064C05+1854469]
	BaseThreadInitThunk [0x75EA6739+25]
	RtlGetFullPathName_UEx [0x776F8AFF+1215]
	RtlGetFullPathName_UEx [0x776F8ACD+1165]
">
      <![CDATA[org.openqa.selenium.SessionNotCreatedException: session not created: This version of ChromeDriver only supports Chrome version 83
Build info: version: '3.141.59', revision: 'e82be7d358', time: '2018-11-14T08:17:03'
System info: host: 'LAPTOP-P7ODROTG', ip: '192.168.1.85', os.name: 'Windows 10', os.arch: 'amd64', os.version: '10.0', java.version: '1.8.0_231'
Driver info: driver.version: ChromeDriver
remote stacktrace: Backtrace:
Ordinal0 [0x01139563+2725219]
Ordinal0 [0x01038551+1672529]
Ordinal0 [0x00F20359+525145]
Ordinal0 [0x00EB0B77+68471]
Ordinal0 [0x00EAD32C+54060]
Ordinal0 [0x00ECCC37+183351]
Ordinal0 [0x00ECCA3D+182845]
Ordinal0 [0x00ECA94B+174411]
Ordinal0 [0x00EB2528+75048]
Ordinal0 [0x00EB35A0+79264]
Ordinal0 [0x00EB3539+79161]
Ordinal0 [0x0104D607+1758727]
GetHandleVerifier [0x01256546+1050150]
GetHandleVerifier [0x01256291+1049457]
GetHandleVerifier [0x012610D7+1094071]
GetHandleVerifier [0x01256B46+1051686]
Ordinal0 [0x01045B06+1727238]
Ordinal0 [0x0104EB7B+1764219]
Ordinal0 [0x0104ECE3+1764579]
Ordinal0 [0x01064C05+1854469]
BaseThreadInitThunk [0x75EA6739+25]
RtlGetFullPathName_UEx [0x776F8AFF+1215]
RtlGetFullPathName_UEx [0x776F8ACD+1165]

at sun.reflect.NativeConstructorAccessorImpl.newInstance0(Native Method)
at sun.reflect.NativeConstructorAccessorImpl.newInstance(NativeConstructorAccessorImpl.java:62)
at sun.reflect.DelegatingConstructorAccessorImpl.newInstance(DelegatingConstructorAccessorImpl.java:45)
at java.lang.reflect.Constructor.newInstance(Constructor.java:423)
at org.openqa.selenium.remote.W3CHandshakeResponse.lambda$errorHandler$0(W3CHandshakeResponse.java:62)
at org.openqa.selenium.remote.HandshakeResponse.lambda$getResponseFunction$0(HandshakeResponse.java:30)
at org.openqa.selenium.remote.ProtocolHandshake.lambda$createSession$0(ProtocolHandshake.java:126)
at java.util.stream.ReferencePipeline$3$1.accept(ReferencePipeline.java:193)
at java.util.Spliterators$ArraySpliterator.tryAdvance(Spliterators.java:958)
at java.util.stream.ReferencePipeline.forEachWithCancel(ReferencePipeline.java:126)
at java.util.stream.AbstractPipeline.copyIntoWithCancel(AbstractPipeline.java:499)
at java.util.stream.AbstractPipeline.copyInto(AbstractPipeline.java:486)
at java.util.stream.AbstractPipeline.wrapAndCopyInto(AbstractPipeline.java:472)
at java.util.stream.FindOps$FindOp.evaluateSequential(FindOps.java:152)
at java.util.stream.AbstractPipeline.evaluate(AbstractPipeline.java:234)
at java.util.stream.ReferencePipeline.findFirst(ReferencePipeline.java:464)
at org.openqa.selenium.remote.ProtocolHandshake.createSession(ProtocolHandshake.java:128)
at org.openqa.selenium.remote.ProtocolHandshake.createSession(ProtocolHandshake.java:74)
at org.openqa.selenium.remote.HttpCommandExecutor.execute(HttpCommandExecutor.java:136)
at org.openqa.selenium.remote.service.DriverCommandExecutor.execute(DriverCommandExecutor.java:83)
at org.openqa.selenium.remote.RemoteWebDriver.execute(RemoteWebDriver.java:552)
at org.openqa.selenium.remote.RemoteWebDriver.startSession(RemoteWebDriver.java:213)
at org.openqa.selenium.remote.RemoteWebDriver.<init>(RemoteWebDriver.java:131)
at org.openqa.selenium.chrome.ChromeDriver.<init>(ChromeDriver.java:181)
at org.openqa.selenium.chrome.ChromeDriver.<init>(ChromeDriver.java:168)
at org.openqa.selenium.chrome.ChromeDriver.<init>(ChromeDriver.java:157)
at com.uiautomation.base.BaseClass.initialization(BaseClass.java:58)
at com.uiautomation.testcases.LoginPageTests.setup(LoginPageTests.java:23)
at sun.reflect.NativeMethodAccessorImpl.invoke0(Native Method)
at sun.reflect.NativeMethodAccessorImpl.invoke(NativeMethodAccessorImpl.java:62)
at sun.reflect.DelegatingMethodAccessorImpl.invoke(DelegatingMethodAccessorImpl.java:43)
at java.lang.reflect.Method.invoke(Method.java:498)
at org.testng.internal.MethodInvocationHelper.invokeMethod(MethodInvocationHelper.java:134)
at org.testng.internal.MethodInvocationHelper.invokeMethodConsideringTimeout(MethodInvocationHelper.java:63)
at org.testng.internal.ConfigInvoker.invokeConfigurationMethod(ConfigInvoker.java:348)
at org.testng.internal.ConfigInvoker.invokeConfigurations(ConfigInvoker.java:302)
at org.testng.internal.TestInvoker.runConfigMethods(TestInvoker.java:695)
at org.testng.internal.TestInvoker.invokeMethod(TestInvoker.java:523)
at org.testng.internal.TestInvoker.invokeTestMethod(TestInvoker.java:173)
at org.testng.internal.MethodRunner.runInSequence(MethodRunner.java:46)
at org.testng.internal.TestInvoker$MethodInvocationAgent.invoke(TestInvoker.java:816)
at org.testng.internal.TestInvoker.invokeTestMethods(TestInvoker.java:146)
at org.testng.internal.TestMethodWorker.invokeTestMethods(TestMethodWorker.java:146)
at org.testng.internal.TestMethodWorker.run(TestMethodWorker.java:128)
at java.util.concurrent.ThreadPoolExecutor.runWorker(ThreadPoolExecutor.java:1149)
at java.util.concurrent.ThreadPoolExecutor$Worker.run(ThreadPoolExecutor.java:624)
at java.lang.Thread.run(Thread.java:748)
]]>
    </failure>
  </testcase> <!-- @BeforeMethod setup -->
  <testcase name="@AfterMethod teardown" time="-1.630832077572E9" classname="com.uiautomation.testcases.LoginPageTests">
    <skipped/>
  </testcase> <!-- @AfterMethod teardown -->
  <testcase name="clickOnLoginButton" time="0.0" classname="com.uiautomation.testcases.LaunchPageTests">
    <skipped/>
  </testcase> <!-- clickOnLoginButton -->
  <testcase name="addItem" time="0.0" classname="com.uiautomation.testcases.ItemPageTests">
    <skipped/>
  </testcase> <!-- addItem -->
  <testcase name="addItem" time="0.0" classname="com.uiautomation.testcases.ItemPageTests">
    <skipped/>
  </testcase> <!-- addItem -->
  <testcase name="addItem" time="0.0" classname="com.uiautomation.testcases.ItemPageTests">
    <skipped/>
  </testcase> <!-- addItem -->
  <testcase name="addItem" time="0.0" classname="com.uiautomation.testcases.ItemPageTests">
    <skipped/>
  </testcase> <!-- addItem -->
  <testcase name="logintoApp" time="0.0" classname="com.uiautomation.testcases.LoginPageTests">
    <skipped/>
  </testcase> <!-- logintoApp -->
</testsuite> <!-- Test123 -->
